#
# A fatal error has been detected by the Java Runtime Environment:
#
#  EXCEPTION_ACCESS_VIOLATION (0xc0000005) at pc=0x00000209affbaae1, pid=16252, tid=2516
#
# JRE version: Java(TM) SE Runtime Environment (25.0.2+10) (build 25.0.2+10-LTS-69)
# Java VM: Java HotSpot(TM) 64-Bit Server VM (25.0.2+10-LTS-69, mixed mode, sharing, tiered, compressed oops, compressed class ptrs, g1 gc, windows-amd64)
# Problematic frame:
# j  java.lang.String.indexOf(I)I+4 java.base@25.0.2
#
# No core dump will be written. Minidumps are not enabled by default on client versions of Windows
#
# If you would like to submit a bug report, please visit:
#   https://bugreport.java.com/bugreport/crash.jsp
#

---------------  S U M M A R Y ------------

Command Line: --module-path=D:\Bosha CS\SWE_Assign\Budgeting-System/lib --add-modules=javafx.controls,javafx.fxml -XX:+ShowCodeDetailsInExceptionMessages src.Main

Host: AMD Ryzen 5 3500U with Radeon Vega Mobile Gfx  , 8 cores, 5G,  Windows 10 , 64 bit Build 19041 (10.0.19041.5915)
Time: Wed May  6 03:34:19 2026 Egypt Daylight Time elapsed time: 2.297576 seconds (0d 0h 0m 2s)

---------------  T H R E A D  ---------------

Current thread (0x00000209c12d9060):  JavaThread "JavaFX Application Thread"        [_thread_in_Java, id=2516, stack(0x00000015b6b00000,0x00000015b6c00000) (1024K)]

Stack: [0x00000015b6b00000,0x00000015b6c00000],  sp=0x00000015b6bfc990,  free space=1010k
Native frames: (J=compiled Java code, j=interpreted, Vv=VM code, C=native code)
C  0x00000209affbaae1  (no source info available)

The last pc belongs to arraylength (printed below).

siginfo: EXCEPTION_ACCESS_VIOLATION (0xc0000005), reading address 0x000000006f646e75


Registers:
RAX=0x000000006f646e69, RBX=0x00000000000000be, RCX=0x000000001f17eff8, RDX=0x0000000000000002
RSP=0x00000015b6bfc990, RBP=0x00000015b6bfc9f0, RSI=0x00000209c6a01748, RDI=0x00000209c6b07350
R8 =0x000002099dff2c40, R9 =0x00000000a62fd998, R10=0x00007ffcee44e180, R11=0x00000015b6bfc950
R12=0x0000000000000000, R13=0x000000001fd2f032, R14=0x00000015b6bfca08, R15=0x00000209c12d9060
RIP=0x00000209affbaae1, EFLAGS=0x0000000000010212

XMM[0]=0x000002099defff90 0x00007ffd6a23f0b0
XMM[1]=0x0000000000000000 0x416312d000000000
XMM[2]=0x0000000000000000 0x00000209affa8408
XMM[3]=0x00000015b6bfca58 0x0000020000000000
XMM[4]=0x0000000000000000 0x0000000000000000
XMM[5]=0x0000000000000000 0x0000000000000000
XMM[6]=0x0000000000000000 0xe14fd9ee44acf2b1
XMM[7]=0x0000000000000000 0x7390eba55486ab2d
XMM[8]=0x0000000000000000 0x4022aee25c52007f
XMM[9]=0x0000000000000000 0xf5ed9adb02216068
XMM[10]=0x0000000000000000 0x000000000c33c58d
XMM[11]=0x0000000000000000 0x4eef7aab5110db13
XMM[12]=0x0000000000000000 0x0000000002216068
XMM[13]=0x0000000000000000 0x00000000a82de874
XMM[14]=0x0000000000000000 0x46b9ab4c13883ec8
XMM[15]=0x0000000000000000 0x00000000ccce937c
  MXCSR=0x00001fa5


Register to memory mapping:

RAX=0x000000006f646e69 is an unknown value
RBX=0x00000000000000be is an unknown value
RCX=0x000000001f17eff8 is pointing into metadata
RDX=0x0000000000000002 is an unknown value
RSP=0x00000015b6bfc990 is pointing into the stack for thread: 0x00000209c12d9060
RBP=0x00000015b6bfc9f0 is pointing into the stack for thread: 0x00000209c12d9060
RSI=0x00000209c6a01748 points into unknown readable memory: 0x80000f001ab7e841 | 41 e8 b7 1a 00 0f 00 80
RDI=0x00000209c6b07350 points into unknown readable memory: 0x0000000000000030 | 30 00 00 00 00 00 00 00
R8 =0x000002099dff2c40 points into unknown readable memory: 0x000002099dff0e10 | 10 0e ff 9d 09 02 00 00
R9 =0x00000000a62fd998 is an oop: [B 
{0x00000000a62fd998} - klass: {type array byte} - flags: is_cloneable_fast 

 - length: 16
 -   0: 43 C
 -   1: 3a :
 -   2: 5c \
 -   3: 57 W
 -   4: 69 i
 -   5: 6e n
 -   6: 64 d
 -   7: 6f o
 -   8: 77 w
 -   9: 73 s
 -  10: 5c \
 -  11: 46 F
 -  12: 6f o
 -  13: 6e n
 -  14: 74 t
 -  15: 73 s
R10=0x00007ffcee44e180 jvm.dll
R11=0x00000015b6bfc950 is pointing into the stack for thread: 0x00000209c12d9060
R12=0x0 is null
R13=0x000000001fd2f032 is pointing into metadata
R14=0x00000015b6bfca08 is pointing into the stack for thread: 0x00000209c12d9060
R15=0x00000209c12d9060 is a thread

Top of Stack: (sp=0x00000015b6bfc990)
0x00000015b6bfc990:   0000000000000000 000000000000003b   ........;.......
0x00000015b6bfc9a0:   000000006f646e69 fffffffffffffff7   indo............
0x00000015b6bfc9b0:   000000001fd2f014 0000000000000003   ................
0x00000015b6bfc9c0:   000000001f4b16e8 00000209bd017308   ..K......s......
0x00000015b6bfc9d0:   00000000ffe7f6e8 000000001f4b0b08   ..........K.....
0x00000015b6bfc9e0:   0000000000000000 00000015b6bfca00   ................
0x00000015b6bfc9f0:   00000015b6bfca58 00000209affa8c60   X.......`.......
0x00000015b6bfca00:   deaddeaf0000003b 00000000a62fd998   ;........./.....
0x00000015b6bfca10:   fffffffffffffff7 00000209bd7bbe6c   ........l.{.....
0x00000015b6bfca20:   0000000000000003 00000209bd7bff78   ........x.{.....
0x00000015b6bfca30:   0000000000000000 00000000a3bae998   ................
0x00000015b6bfca40:   00000209bd7bbea0 fffffffffffffff5   ..{.............
0x00000015b6bfca50:   00000015b6bfca78 00000015b6bfcac0   x...............
0x00000015b6bfca60:   00000209affa8b18 0000000000000000   ................
0x00000015b6bfca70:   00000000a62fd998 fffffffffffffff7   ../.............
0x00000015b6bfca80:   00000209bd7bc1be 0000000000000004   ..{.............
0x00000015b6bfca90:   00000209bd7bff78 0000000000000000   x.{.............
0x00000015b6bfcaa0:   00000000a3bae998 00000209bd7bc210   ..........{.....
0x00000015b6bfcab0:   fffffffffffffff7 00000015b6bfcae0   ................
0x00000015b6bfcac0:   00000015b6bfcb30 00000209affa8cb2   0...............
0x00000015b6bfcad0:   0000000000000000 0000000000000000   ................
0x00000015b6bfcae0:   00000000a62fcc28 fffffffffffffff7   (./.............
0x00000015b6bfcaf0:   00000209bdabefd9 0000000000000002   ................
0x00000015b6bfcb00:   00000209bdab7fb8 0000000000000000   ................
0x00000015b6bfcb10:   00000000a62f7ea8 00000209bdabefe8   .~/.............
0x00000015b6bfcb20:   fffffffffffffff6 00000015b6bfcb40   ........@.......
0x00000015b6bfcb30:   00000015b6bfcb90 00000209affa8cb2   ................
0x00000015b6bfcb40:   00000000a62fcc28 fffffffffffffff7   (./.............
0x00000015b6bfcb50:   00000209bdabf1bc 0000000000000007   ................
0x00000015b6bfcb60:   00000209bdab7fb8 0000000000000000   ................
0x00000015b6bfcb70:   00000000a62f7ea8 00000209bdabf1f8   .~/.............
0x00000015b6bfcb80:   fffffffffffffff6 00000015b6bfcbc0   ................

Instructions: (pc=0x00000209affbaae1)
  0x00000209affba9e1:   04 24 48 83 c4 08 45 0f b7 45 01 41 0f c8 41 c1
  0x00000209affba9f1:   e8 10 48 8b 55 e8 48 8b 52 08 48 8b 52 08 e8 05
  0x00000209affbaa01:   00 00 00 e9 ab 00 00 00 4c 8b c8 48 8d 44 24 08
  0x00000209affbaa11:   4c 89 6d c0 49 8b cf c5 f8 77 49 89 af 38 04 00
  0x00000209affbaa21:   00 49 89 87 28 04 00 00 48 83 ec 20 40 f6 c4 0f
  0x00000209affbaa31:   0f 84 19 00 00 00 48 83 ec 08 48 b8 80 1f b3 ed
  0x00000209affbaa41:   fc 7f 00 00 ff d0 48 83 c4 08 e9 0c 00 00 00 48
  0x00000209affbaa51:   b8 80 1f b3 ed fc 7f 00 00 ff d0 48 83 c4 20 49
  0x00000209affbaa61:   c7 87 28 04 00 00 00 00 00 00 49 c7 87 38 04 00
  0x00000209affbaa71:   00 00 00 00 00 49 c7 87 30 04 00 00 00 00 00 00
  0x00000209affbaa81:   c5 f8 77 49 83 7f 08 00 0f 84 05 00 00 00 e9 4c
  0x00000209affbaa91:   67 fe ff 49 8b 87 80 04 00 00 49 c7 87 80 04 00
  0x00000209affbaaa1:   00 00 00 00 00 4c 8b 6d c0 4c 8b 75 c8 4e 8d 74
  0x00000209affbaab1:   f5 00 c3 41 0f b6 5d 03 49 83 c5 03 49 ba 80 d9
  0x00000209affbaac1:   44 ee fc 7f 00 00 41 ff 24 da 0f 1f 44 00 00 98
  0x00000209affbaad1:   4e 16 ee fc 7f 00 00 30 00 00 00 be 00 00 00 58
=>0x00000209affbaae1:   8b 40 0c 41 0f b6 5d 01 49 ff c5 49 ba 80 b9 44
  0x00000209affbaaf1:   ee fc 7f 00 00 41 ff 24 da 66 0f 1f 44 00 00 a4
  0x00000209affbab01:   4e 16 ee fc 7f 00 00 30 00 00 00 bf 00 00 00 00
  0x00000209affbab11:   00 00 00 00 00 00 00 00 00 00 00 00 00 00 00 58
  0x00000209affbab21:   48 3b 00 e9 af 01 ff ff 0f 1f 80 00 00 00 00 b0
  0x00000209affbab31:   4e 16 ee fc 7f 00 00 d0 02 00 00 c0 00 00 00 58
  0x00000209affbab41:   48 85 c0 0f 84 85 02 00 00 48 8b 4d e8 48 8b 49
  0x00000209affbab51:   08 48 8b 49 08 48 8b 51 08 41 0f b7 5d 01 0f cb
  0x00000209affbab61:   c1 eb 10 80 7c 1a 04 07 0f 84 b6 00 00 00 50 e8
  0x00000209affbab71:   05 00 00 00 e9 96 00 00 00 48 8d 44 24 08 4c 89
  0x00000209affbab81:   6d c0 49 8b cf c5 f8 77 49 89 af 38 04 00 00 49
  0x00000209affbab91:   89 87 28 04 00 00 48 83 ec 20 40 f6 c4 0f 0f 84
  0x00000209affbaba1:   19 00 00 00 48 83 ec 08 48 b8 80 4c b3 ed fc 7f
  0x00000209affbabb1:   00 00 ff d0 48 83 c4 08 e9 0c 00 00 00 48 b8 80
  0x00000209affbabc1:   4c b3 ed fc 7f 00 00 ff d0 48 83 c4 20 49 c7 87
  0x00000209affbabd1:   28 04 00 00 00 00 00 00 49 c7 87 38 04 00 00 00


Stack slot to memory mapping:

stack at sp + 0 slots: 0x0 is null
stack at sp + 1 slots: 0x000000000000003b is an unknown value
stack at sp + 2 slots: 0x000000006f646e69 is an unknown value
stack at sp + 3 slots: 0xfffffffffffffff7 is an unknown value
stack at sp + 4 slots: 0x000000001fd2f014 is pointing into metadata
stack at sp + 5 slots: 0x0000000000000003 is an unknown value
stack at sp + 6 slots: 0x000000001f4b16e8 is pointing into metadata
stack at sp + 7 slots: 0x00000209bd017308 is pointing into metadata

Lock stack of current Java thread (top to bottom):
LockStack[0]: com.sun.javafx.font.directwrite.DWFactory 
{0x00000000a3c00f90} - klass: 'com/sun/javafx/font/directwrite/DWFactory' - flags: 

 - ---- fields (total size 7 words):
 - private 'numEmbeddedFonts' 'I' @12  0 (0x00000000)
 - 'fontResourceMap' 'Ljava/util/HashMap;' @16  a 'java/util/HashMap'{0x00000000a3c00fc8} (0xa3c00fc8)
 - 'compResourceMap' 'Ljava/util/HashMap;' @20  a 'java/util/HashMap'{0x00000000a3c00ff8} (0xa3c00ff8)
 - private 'fileNameToFontResourceMap' 'Ljava/util/HashMap;' @24  a 'java/util/HashMap'{0x00000000a3c01028} (0xa3c01028)
 - private 'tmpFonts' 'Ljava/util/ArrayList;' @28  null (0x00000000)
 - private volatile 'fontToFileMap' 'Ljava/util/HashMap;' @32  null (0x00000000)
 - private 'fileToFontMap' 'Ljava/util/HashMap;' @36  null (0x00000000)
 - private 'fontToFamilyNameMap' 'Ljava/util/HashMap;' @40  null (0x00000000)
 - private 'familyToFontListMap' 'Ljava/util/HashMap;' @44  null (0x00000000)
 - private 'embeddedFonts' 'Ljava/util/HashMap;' @48  null (0x00000000)

arraylength  190 arraylength  [0x00000209affbaae0, 0x00000209affbab00]  32 bytes
[MachCode]
  0x00000209affbaae0: 588b 400c | 410f b65d | 0149 ffc5 | 49ba 80b9 | 44ee fc7f | 0000 41ff | 24da 660f | 1f44 0000 
[/MachCode]

---------------  P R O C E S S  ---------------

Threads class SMR info:
_java_thread_list=0x00000209c6a8a780, length=16, elements={
0x000002099df1e2c0, 0x00000209bc53b570, 0x00000209bc53bfd0, 0x00000209bc53f9f0,
0x00000209bc5415c0, 0x00000209bc54a190, 0x00000209bc5448e0, 0x00000209bc54b480,
0x00000209bc551100, 0x00000209bc546050, 0x00000209bc5477c0, 0x00000209bc5429a0,
0x00000209c12dde80, 0x00000209c12d9060, 0x00000209c11d9240, 0x00000209c11d4bf0
}

Java Threads: ( => current thread )
  0x000002099df1e2c0 JavaThread "main"                              [_thread_blocked, id=612, stack(0x00000015b5500000,0x00000015b5600000) (1024K)]
  0x00000209bc53b570 JavaThread "Reference Handler"          daemon [_thread_blocked, id=14988, stack(0x00000015b5d00000,0x00000015b5e00000) (1024K)]
  0x00000209bc53bfd0 JavaThread "Finalizer"                  daemon [_thread_blocked, id=14872, stack(0x00000015b5e00000,0x00000015b5f00000) (1024K)]
  0x00000209bc53f9f0 JavaThread "Signal Dispatcher"          daemon [_thread_blocked, id=14420, stack(0x00000015b5f00000,0x00000015b6000000) (1024K)]
  0x00000209bc5415c0 JavaThread "Attach Listener"            daemon [_thread_blocked, id=6508, stack(0x00000015b6000000,0x00000015b6100000) (1024K)]
  0x00000209bc54a190 JavaThread "Service Thread"             daemon [_thread_blocked, id=7320, stack(0x00000015b6100000,0x00000015b6200000) (1024K)]
  0x00000209bc5448e0 JavaThread "Monitor Deflation Thread"   daemon [_thread_blocked, id=8696, stack(0x00000015b6200000,0x00000015b6300000) (1024K)]
  0x00000209bc54b480 JavaThread "C2 CompilerThread0"         daemon [_thread_blocked, id=8648, stack(0x00000015b6300000,0x00000015b6400000) (1024K)]
  0x00000209bc551100 JavaThread "C1 CompilerThread0"         daemon [_thread_blocked, id=8700, stack(0x00000015b6400000,0x00000015b6500000) (1024K)]
  0x00000209bc546050 JavaThread "Common-Cleaner"             daemon [_thread_blocked, id=9624, stack(0x00000015b6500000,0x00000015b6600000) (1024K)]
  0x00000209bc5477c0 JavaThread "Notification Thread"        daemon [_thread_blocked, id=15668, stack(0x00000015b6700000,0x00000015b6800000) (1024K)]
  0x00000209bc5429a0 JavaThread "QuantumRenderer-0"          daemon [_thread_blocked, id=1428, stack(0x00000015b6600000,0x00000015b6700000) (1024K)]
  0x00000209c12dde80 JavaThread "InvokeLaterDispatcher"      daemon [_thread_blocked, id=1276, stack(0x00000015b6a00000,0x00000015b6b00000) (1024K)]
=>0x00000209c12d9060 JavaThread "JavaFX Application Thread"         [_thread_in_Java, id=2516, stack(0x00000015b6b00000,0x00000015b6c00000) (1024K)]
  0x00000209c11d9240 JavaThread "Thread-1"                   daemon [_thread_in_native, id=3736, stack(0x00000015b7200000,0x00000015b7300000) (1024K)]
  0x00000209c11d4bf0 JavaThread "JavaFX-Launcher"                   [_thread_blocked, id=15604, stack(0x00000015b7300000,0x00000015b7400000) (1024K)]
Total: 16

Other Threads:
  0x00000209a029cba0 VMThread "VM Thread"                           [id=4092, stack(0x00000015b5c00000,0x00000015b5d00000) (1024K)]
  0x00000209a0292700 WatcherThread "VM Periodic Task Thread"        [id=11872, stack(0x00000015b5b00000,0x00000015b5c00000) (1024K)]
  0x00000209a021bfd0 WorkerThread "GC Thread#0"                     [id=4068, stack(0x00000015b5600000,0x00000015b5700000) (1024K)]
  0x00000209c17c18f0 WorkerThread "GC Thread#1"                     [id=15144, stack(0x00000015b7600000,0x00000015b7700000) (1024K)]
  0x00000209c17c1050 WorkerThread "GC Thread#2"                     [id=16324, stack(0x00000015b7700000,0x00000015b7800000) (1024K)]
  0x00000209c17bff10 WorkerThread "GC Thread#3"                     [id=2004, stack(0x00000015b7800000,0x00000015b7900000) (1024K)]
  0x00000209c17c25e0 WorkerThread "GC Thread#4"                     [id=15644, stack(0x00000015b7900000,0x00000015b7a00000) (1024K)]
  0x00000209c17c0360 WorkerThread "GC Thread#5"                     [id=15984, stack(0x00000015b7a00000,0x00000015b7b00000) (1024K)]
  0x00000209a022efe0 ConcurrentGCThread "G1 Main Marker"            [id=15976, stack(0x00000015b5700000,0x00000015b5800000) (1024K)]
  0x00000209a0232fa0 WorkerThread "G1 Conc#0"                       [id=7820, stack(0x00000015b5800000,0x00000015b5900000) (1024K)]
  0x00000209a027f9d0 ConcurrentGCThread "G1 Refine#0"               [id=5296, stack(0x00000015b5900000,0x00000015b5a00000) (1024K)]
  0x00000209a02805e0 ConcurrentGCThread "G1 Service"                [id=3492, stack(0x00000015b5a00000,0x00000015b5b00000) (1024K)]
Total: 12

Threads with active compile tasks:
Total: 0

VM state: not at safepoint (normal execution)

VM Mutex/Monitor currently owned by a thread: None

Heap address: 0x00000000a0c00000, size: 1524 MB, Compressed Oops mode: 32-bit

CDS archive(s) mapped at: [0x000000001f000000-0x000000001fdd0000-0x000000001fdd0000), size 14483456, SharedBaseAddress: 0x000000001f000000, ArchiveRelocationMode: 1.
Compressed class space mapped at: 0x0000000020000000-0x0000000060000000, reserved size: 1073741824
UseCompressedClassPointers 1, UseCompactObjectHeaders 0
Narrow klass pointer bits 32, Max shift 3
Narrow klass base: 0x000000001f000000, Narrow klass shift: 0
Encoding Range: [0x000000001f000000 - 0x000000011f000000), (4294967296 bytes)
Klass Range:    [0x000000001f010000 - 0x0000000060000000), (1090453504 bytes)
Klass ID Range:  [65536 - 1090519033) (1090453497)
Protection zone: [0x000000001f000000 - 0x000000001f010000), (65536 bytes)

GC Precious Log:
 CardTable entry size: 512
 Card Set container configuration: InlinePtr #cards 5 size 8 Array Of Cards #cards 10 size 36 Howl #buckets 4 coarsen threshold 1843 Howl Bitmap #cards 512 size 80 coarsen threshold 460 Card regions per heap region 1 cards per card region 2048
 CPUs: 8 total, 8 available
 Memory: 6090M
 Large Page Support: Disabled
 NUMA Support: Disabled
 Compressed Oops: Enabled (32-bit)
 Heap Region Size: 1M
 Heap Min Capacity: 8M
 Heap Initial Capacity: 96M
 Heap Max Capacity: 1524M
 Pre-touch: Disabled
 Parallel Workers: 8
 Concurrent Workers: 2
 Concurrent Refinement Workers: 8
 Periodic GC: Disabled

Heap:
 garbage-first heap   total reserved 1560576K, committed 100352K, used 14144K [0x00000000a0c00000, 0x0000000100000000)
  region size 1024K, 15 young (15360K), 5 survivors (5120K)

Heap Regions: E=young(eden), S=young(survivor), O=old, HS=humongous(starts), HC=humongous(continues), CS=collection set, F=free, TAMS=top-at-mark-start, PB=parsable bottom
|   0|0x00000000a0c00000, 0x00000000a0c00000, 0x00000000a0d00000|  0%| F|  |TAMS 0x00000000a0c00000| PB 0x00000000a0c00000| Untracked |  0
|   1|0x00000000a0d00000, 0x00000000a0d00000, 0x00000000a0e00000|  0%| F|  |TAMS 0x00000000a0d00000| PB 0x00000000a0d00000| Untracked |  0
|   2|0x00000000a0e00000, 0x00000000a0e00000, 0x00000000a0f00000|  0%| F|  |TAMS 0x00000000a0e00000| PB 0x00000000a0e00000| Untracked |  0
|   3|0x00000000a0f00000, 0x00000000a0f00000, 0x00000000a1000000|  0%| F|  |TAMS 0x00000000a0f00000| PB 0x00000000a0f00000| Untracked |  0
|   4|0x00000000a1000000, 0x00000000a1000000, 0x00000000a1100000|  0%| F|  |TAMS 0x00000000a1000000| PB 0x00000000a1000000| Untracked |  0
|   5|0x00000000a1100000, 0x00000000a1100000, 0x00000000a1200000|  0%| F|  |TAMS 0x00000000a1100000| PB 0x00000000a1100000| Untracked |  0
|   6|0x00000000a1200000, 0x00000000a1200000, 0x00000000a1300000|  0%| F|  |TAMS 0x00000000a1200000| PB 0x00000000a1200000| Untracked |  0
|   7|0x00000000a1300000, 0x00000000a1300000, 0x00000000a1400000|  0%| F|  |TAMS 0x00000000a1300000| PB 0x00000000a1300000| Untracked |  0
|   8|0x00000000a1400000, 0x00000000a1400000, 0x00000000a1500000|  0%| F|  |TAMS 0x00000000a1400000| PB 0x00000000a1400000| Untracked |  0
|   9|0x00000000a1500000, 0x00000000a1500000, 0x00000000a1600000|  0%| F|  |TAMS 0x00000000a1500000| PB 0x00000000a1500000| Untracked |  0
|  10|0x00000000a1600000, 0x00000000a1600000, 0x00000000a1700000|  0%| F|  |TAMS 0x00000000a1600000| PB 0x00000000a1600000| Untracked |  0
|  11|0x00000000a1700000, 0x00000000a1700000, 0x00000000a1800000|  0%| F|  |TAMS 0x00000000a1700000| PB 0x00000000a1700000| Untracked |  0
|  12|0x00000000a1800000, 0x00000000a1800000, 0x00000000a1900000|  0%| F|  |TAMS 0x00000000a1800000| PB 0x00000000a1800000| Untracked |  0
|  13|0x00000000a1900000, 0x00000000a1900000, 0x00000000a1a00000|  0%| F|  |TAMS 0x00000000a1900000| PB 0x00000000a1900000| Untracked |  0
|  14|0x00000000a1a00000, 0x00000000a1a00000, 0x00000000a1b00000|  0%| F|  |TAMS 0x00000000a1a00000| PB 0x00000000a1a00000| Untracked |  0
|  15|0x00000000a1b00000, 0x00000000a1b00000, 0x00000000a1c00000|  0%| F|  |TAMS 0x00000000a1b00000| PB 0x00000000a1b00000| Untracked |  0
|  16|0x00000000a1c00000, 0x00000000a1c00000, 0x00000000a1d00000|  0%| F|  |TAMS 0x00000000a1c00000| PB 0x00000000a1c00000| Untracked |  0
|  17|0x00000000a1d00000, 0x00000000a1d00000, 0x00000000a1e00000|  0%| F|  |TAMS 0x00000000a1d00000| PB 0x00000000a1d00000| Untracked |  0
|  18|0x00000000a1e00000, 0x00000000a1e00000, 0x00000000a1f00000|  0%| F|  |TAMS 0x00000000a1e00000| PB 0x00000000a1e00000| Untracked |  0
|  19|0x00000000a1f00000, 0x00000000a1f00000, 0x00000000a2000000|  0%| F|  |TAMS 0x00000000a1f00000| PB 0x00000000a1f00000| Untracked |  0
|  20|0x00000000a2000000, 0x00000000a2000000, 0x00000000a2100000|  0%| F|  |TAMS 0x00000000a2000000| PB 0x00000000a2000000| Untracked |  0
|  21|0x00000000a2100000, 0x00000000a2100000, 0x00000000a2200000|  0%| F|  |TAMS 0x00000000a2100000| PB 0x00000000a2100000| Untracked |  0
|  22|0x00000000a2200000, 0x00000000a2200000, 0x00000000a2300000|  0%| F|  |TAMS 0x00000000a2200000| PB 0x00000000a2200000| Untracked |  0
|  23|0x00000000a2300000, 0x00000000a2300000, 0x00000000a2400000|  0%| F|  |TAMS 0x00000000a2300000| PB 0x00000000a2300000| Untracked |  0
|  24|0x00000000a2400000, 0x00000000a2400000, 0x00000000a2500000|  0%| F|  |TAMS 0x00000000a2400000| PB 0x00000000a2400000| Untracked |  0
|  25|0x00000000a2500000, 0x00000000a2500000, 0x00000000a2600000|  0%| F|  |TAMS 0x00000000a2500000| PB 0x00000000a2500000| Untracked |  0
|  26|0x00000000a2600000, 0x00000000a2600000, 0x00000000a2700000|  0%| F|  |TAMS 0x00000000a2600000| PB 0x00000000a2600000| Untracked |  0
|  27|0x00000000a2700000, 0x00000000a2700000, 0x00000000a2800000|  0%| F|  |TAMS 0x00000000a2700000| PB 0x00000000a2700000| Untracked |  0
|  28|0x00000000a2800000, 0x00000000a2800000, 0x00000000a2900000|  0%| F|  |TAMS 0x00000000a2800000| PB 0x00000000a2800000| Untracked |  0
|  29|0x00000000a2900000, 0x00000000a2900000, 0x00000000a2a00000|  0%| F|  |TAMS 0x00000000a2900000| PB 0x00000000a2900000| Untracked |  0
|  30|0x00000000a2a00000, 0x00000000a2a00000, 0x00000000a2b00000|  0%| F|  |TAMS 0x00000000a2a00000| PB 0x00000000a2a00000| Untracked |  0
|  31|0x00000000a2b00000, 0x00000000a2b00000, 0x00000000a2c00000|  0%| F|  |TAMS 0x00000000a2b00000| PB 0x00000000a2b00000| Untracked |  0
|  32|0x00000000a2c00000, 0x00000000a2c00000, 0x00000000a2d00000|  0%| F|  |TAMS 0x00000000a2c00000| PB 0x00000000a2c00000| Untracked |  0
|  33|0x00000000a2d00000, 0x00000000a2d00000, 0x00000000a2e00000|  0%| F|  |TAMS 0x00000000a2d00000| PB 0x00000000a2d00000| Untracked |  0
|  34|0x00000000a2e00000, 0x00000000a2e00000, 0x00000000a2f00000|  0%| F|  |TAMS 0x00000000a2e00000| PB 0x00000000a2e00000| Untracked |  0
|  35|0x00000000a2f00000, 0x00000000a2f00000, 0x00000000a3000000|  0%| F|  |TAMS 0x00000000a2f00000| PB 0x00000000a2f00000| Untracked |  0
|  36|0x00000000a3000000, 0x00000000a3000000, 0x00000000a3100000|  0%| F|  |TAMS 0x00000000a3000000| PB 0x00000000a3000000| Untracked |  0
|  37|0x00000000a3100000, 0x00000000a3100000, 0x00000000a3200000|  0%| F|  |TAMS 0x00000000a3100000| PB 0x00000000a3100000| Untracked |  0
|  38|0x00000000a3200000, 0x00000000a3200000, 0x00000000a3300000|  0%| F|  |TAMS 0x00000000a3200000| PB 0x00000000a3200000| Untracked |  0
|  39|0x00000000a3300000, 0x00000000a3300000, 0x00000000a3400000|  0%| F|  |TAMS 0x00000000a3300000| PB 0x00000000a3300000| Untracked |  0
|  40|0x00000000a3400000, 0x00000000a3400000, 0x00000000a3500000|  0%| F|  |TAMS 0x00000000a3400000| PB 0x00000000a3400000| Untracked |  0
|  41|0x00000000a3500000, 0x00000000a3500000, 0x00000000a3600000|  0%| F|  |TAMS 0x00000000a3500000| PB 0x00000000a3500000| Untracked |  0
|  42|0x00000000a3600000, 0x00000000a3600000, 0x00000000a3700000|  0%| F|  |TAMS 0x00000000a3600000| PB 0x00000000a3600000| Untracked |  0
|  43|0x00000000a3700000, 0x00000000a3700000, 0x00000000a3800000|  0%| F|  |TAMS 0x00000000a3700000| PB 0x00000000a3700000| Untracked |  0
|  44|0x00000000a3800000, 0x00000000a38aaa80, 0x00000000a3900000| 66%| S|CS|TAMS 0x00000000a3800000| PB 0x00000000a3800000| Complete |  0
|  45|0x00000000a3900000, 0x00000000a3a00000, 0x00000000a3a00000|100%| S|CS|TAMS 0x00000000a3900000| PB 0x00000000a3900000| Complete |  0
|  46|0x00000000a3a00000, 0x00000000a3b00000, 0x00000000a3b00000|100%| S|CS|TAMS 0x00000000a3a00000| PB 0x00000000a3a00000| Complete |  0
|  47|0x00000000a3b00000, 0x00000000a3c00000, 0x00000000a3c00000|100%| S|CS|TAMS 0x00000000a3b00000| PB 0x00000000a3b00000| Complete |  0
|  48|0x00000000a3c00000, 0x00000000a3d00000, 0x00000000a3d00000|100%| S|CS|TAMS 0x00000000a3c00000| PB 0x00000000a3c00000| Complete |  0
|  49|0x00000000a3d00000, 0x00000000a3d00000, 0x00000000a3e00000|  0%| F|  |TAMS 0x00000000a3d00000| PB 0x00000000a3d00000| Untracked |  0
|  50|0x00000000a3e00000, 0x00000000a3e00000, 0x00000000a3f00000|  0%| F|  |TAMS 0x00000000a3e00000| PB 0x00000000a3e00000| Untracked |  0
|  51|0x00000000a3f00000, 0x00000000a3f00000, 0x00000000a4000000|  0%| F|  |TAMS 0x00000000a3f00000| PB 0x00000000a3f00000| Untracked |  0
|  52|0x00000000a4000000, 0x00000000a4000000, 0x00000000a4100000|  0%| F|  |TAMS 0x00000000a4000000| PB 0x00000000a4000000| Untracked |  0
|  53|0x00000000a4100000, 0x00000000a4100000, 0x00000000a4200000|  0%| F|  |TAMS 0x00000000a4100000| PB 0x00000000a4100000| Untracked |  0
|  54|0x00000000a4200000, 0x00000000a4200000, 0x00000000a4300000|  0%| F|  |TAMS 0x00000000a4200000| PB 0x00000000a4200000| Untracked |  0
|  55|0x00000000a4300000, 0x00000000a4300000, 0x00000000a4400000|  0%| F|  |TAMS 0x00000000a4300000| PB 0x00000000a4300000| Untracked |  0
|  56|0x00000000a4400000, 0x00000000a4400000, 0x00000000a4500000|  0%| F|  |TAMS 0x00000000a4400000| PB 0x00000000a4400000| Untracked |  0
|  57|0x00000000a4500000, 0x00000000a4500000, 0x00000000a4600000|  0%| F|  |TAMS 0x00000000a4500000| PB 0x00000000a4500000| Untracked |  0
|  58|0x00000000a4600000, 0x00000000a4600000, 0x00000000a4700000|  0%| F|  |TAMS 0x00000000a4600000| PB 0x00000000a4600000| Untracked |  0
|  59|0x00000000a4700000, 0x00000000a4700000, 0x00000000a4800000|  0%| F|  |TAMS 0x00000000a4700000| PB 0x00000000a4700000| Untracked |  0
|  60|0x00000000a4800000, 0x00000000a4800000, 0x00000000a4900000|  0%| F|  |TAMS 0x00000000a4800000| PB 0x00000000a4800000| Untracked |  0
|  61|0x00000000a4900000, 0x00000000a4900000, 0x00000000a4a00000|  0%| F|  |TAMS 0x00000000a4900000| PB 0x00000000a4900000| Untracked |  0
|  62|0x00000000a4a00000, 0x00000000a4a00000, 0x00000000a4b00000|  0%| F|  |TAMS 0x00000000a4a00000| PB 0x00000000a4a00000| Untracked |  0
|  63|0x00000000a4b00000, 0x00000000a4b00000, 0x00000000a4c00000|  0%| F|  |TAMS 0x00000000a4b00000| PB 0x00000000a4b00000| Untracked |  0
|  64|0x00000000a4c00000, 0x00000000a4c00000, 0x00000000a4d00000|  0%| F|  |TAMS 0x00000000a4c00000| PB 0x00000000a4c00000| Untracked |  0
|  65|0x00000000a4d00000, 0x00000000a4d00000, 0x00000000a4e00000|  0%| F|  |TAMS 0x00000000a4d00000| PB 0x00000000a4d00000| Untracked |  0
|  66|0x00000000a4e00000, 0x00000000a4e00000, 0x00000000a4f00000|  0%| F|  |TAMS 0x00000000a4e00000| PB 0x00000000a4e00000| Untracked |  0
|  67|0x00000000a4f00000, 0x00000000a4f00000, 0x00000000a5000000|  0%| F|  |TAMS 0x00000000a4f00000| PB 0x00000000a4f00000| Untracked |  0
|  68|0x00000000a5000000, 0x00000000a5000000, 0x00000000a5100000|  0%| F|  |TAMS 0x00000000a5000000| PB 0x00000000a5000000| Untracked |  0
|  69|0x00000000a5100000, 0x00000000a5100000, 0x00000000a5200000|  0%| F|  |TAMS 0x00000000a5100000| PB 0x00000000a5100000| Untracked |  0
|  70|0x00000000a5200000, 0x00000000a5200000, 0x00000000a5300000|  0%| F|  |TAMS 0x00000000a5200000| PB 0x00000000a5200000| Untracked |  0
|  71|0x00000000a5300000, 0x00000000a5300000, 0x00000000a5400000|  0%| F|  |TAMS 0x00000000a5300000| PB 0x00000000a5300000| Untracked |  0
|  72|0x00000000a5400000, 0x00000000a5400000, 0x00000000a5500000|  0%| F|  |TAMS 0x00000000a5400000| PB 0x00000000a5400000| Untracked |  0
|  73|0x00000000a5500000, 0x00000000a5500000, 0x00000000a5600000|  0%| F|  |TAMS 0x00000000a5500000| PB 0x00000000a5500000| Untracked |  0
|  74|0x00000000a5600000, 0x00000000a5600000, 0x00000000a5700000|  0%| F|  |TAMS 0x00000000a5600000| PB 0x00000000a5600000| Untracked |  0
|  75|0x00000000a5700000, 0x00000000a5700000, 0x00000000a5800000|  0%| F|  |TAMS 0x00000000a5700000| PB 0x00000000a5700000| Untracked |  0
|  76|0x00000000a5800000, 0x00000000a5800000, 0x00000000a5900000|  0%| F|  |TAMS 0x00000000a5800000| PB 0x00000000a5800000| Untracked |  0
|  77|0x00000000a5900000, 0x00000000a5900000, 0x00000000a5a00000|  0%| F|  |TAMS 0x00000000a5900000| PB 0x00000000a5900000| Untracked |  0
|  78|0x00000000a5a00000, 0x00000000a5a00000, 0x00000000a5b00000|  0%| F|  |TAMS 0x00000000a5a00000| PB 0x00000000a5a00000| Untracked |  0
|  79|0x00000000a5b00000, 0x00000000a5b00000, 0x00000000a5c00000|  0%| F|  |TAMS 0x00000000a5b00000| PB 0x00000000a5b00000| Untracked |  0
|  80|0x00000000a5c00000, 0x00000000a5c00000, 0x00000000a5d00000|  0%| F|  |TAMS 0x00000000a5c00000| PB 0x00000000a5c00000| Untracked |  0
|  81|0x00000000a5d00000, 0x00000000a5d00000, 0x00000000a5e00000|  0%| F|  |TAMS 0x00000000a5d00000| PB 0x00000000a5d00000| Untracked |  0
|  82|0x00000000a5e00000, 0x00000000a5e00000, 0x00000000a5f00000|  0%| F|  |TAMS 0x00000000a5e00000| PB 0x00000000a5e00000| Untracked |  0
|  83|0x00000000a5f00000, 0x00000000a5f00000, 0x00000000a6000000|  0%| F|  |TAMS 0x00000000a5f00000| PB 0x00000000a5f00000| Untracked |  0
|  84|0x00000000a6000000, 0x00000000a6000000, 0x00000000a6100000|  0%| F|  |TAMS 0x00000000a6000000| PB 0x00000000a6000000| Untracked |  0
|  85|0x00000000a6100000, 0x00000000a6100000, 0x00000000a6200000|  0%| F|  |TAMS 0x00000000a6100000| PB 0x00000000a6100000| Untracked |  0
|  86|0x00000000a6200000, 0x00000000a62fee80, 0x00000000a6300000| 99%| E|  |TAMS 0x00000000a6200000| PB 0x00000000a6200000| Complete |  0
|  87|0x00000000a6300000, 0x00000000a63fec70, 0x00000000a6400000| 99%| E|  |TAMS 0x00000000a6300000| PB 0x00000000a6300000| Complete |  0
|  88|0x00000000a6400000, 0x00000000a6500000, 0x00000000a6500000|100%| E|CS|TAMS 0x00000000a6400000| PB 0x00000000a6400000| Complete |  0
|  89|0x00000000a6500000, 0x00000000a6600000, 0x00000000a6600000|100%| E|CS|TAMS 0x00000000a6500000| PB 0x00000000a6500000| Complete |  0
|  90|0x00000000a6600000, 0x00000000a6700000, 0x00000000a6700000|100%| E|CS|TAMS 0x00000000a6600000| PB 0x00000000a6600000| Complete |  0
|  91|0x00000000a6700000, 0x00000000a6800000, 0x00000000a6800000|100%| E|CS|TAMS 0x00000000a6700000| PB 0x00000000a6700000| Complete |  0
|  92|0x00000000a6800000, 0x00000000a6900000, 0x00000000a6900000|100%| E|CS|TAMS 0x00000000a6800000| PB 0x00000000a6800000| Complete |  0
|  93|0x00000000a6900000, 0x00000000a6a00000, 0x00000000a6a00000|100%| E|CS|TAMS 0x00000000a6900000| PB 0x00000000a6900000| Complete |  0
|  94|0x00000000a6a00000, 0x00000000a6b00000, 0x00000000a6b00000|100%| E|CS|TAMS 0x00000000a6a00000| PB 0x00000000a6a00000| Complete |  0
|  95|0x00000000a6b00000, 0x00000000a6c00000, 0x00000000a6c00000|100%| E|CS|TAMS 0x00000000a6b00000| PB 0x00000000a6b00000| Complete |  0
|1522|0x00000000ffe00000, 0x00000000fff00000, 0x00000000fff00000|100%| O|  |TAMS 0x00000000ffe00000| PB 0x00000000ffe00000| Untracked |  0
|1523|0x00000000fff00000, 0x00000000fff257b8, 0x0000000100000000| 14%| O|  |TAMS 0x00000000fff00000| PB 0x00000000fff00000| Untracked |  0

Card table byte_map: [0x00000209b80a0000,0x00000209b83a0000] _byte_map_base: 0x00000209b7b9a000

Marking Bits: (CMBitMap*) 0x00000209a021c760
 Bits: [0x00000209b83a0000, 0x00000209b9b70000)

Polling page: 0x000002099e090000

Metaspace:
Metaspace        used 11598K, committed 11840K, reserved 1114112K
 class space     used 1888K, committed 2048K, reserved 1048576K

Usage:
  Non-class:      9.48 MB used.
      Class:      1.84 MB used.
       Both:     11.33 MB used.

Virtual space:
  Non-class space:       64.00 MB reserved,       9.56 MB ( 15%) committed,  1 nodes.
      Class space:        1.00 GB reserved,       2.00 MB ( <1%) committed,  1 nodes.
             Both:        1.06 GB reserved,      11.56 MB (  1%) committed. 

Chunk freelists:
   Non-Class:  5.25 MB
       Class:  13.98 MB
        Both:  19.23 MB

MaxMetaspaceSize: unlimited
CompressedClassSpaceSize: 1.00 GB
Initial GC threshold: 21.00 MB
Current GC threshold: 21.00 MB
CDS: on
 - commit_granule_bytes: 65536.
 - commit_granule_words: 8192.
 - virtual_space_node_default_size: 8388608.
 - enlarge_chunks_in_place: 1.
UseCompressedClassPointers 1, UseCompactObjectHeaders 0
Narrow klass pointer bits 32, Max shift 3
Narrow klass base: 0x000000001f000000, Narrow klass shift: 0
Encoding Range: [0x000000001f000000 - 0x000000011f000000), (4294967296 bytes)
Klass Range:    [0x000000001f010000 - 0x0000000060000000), (1090453504 bytes)
Klass ID Range:  [65536 - 1090519033) (1090453497)
Protection zone: [0x000000001f000000 - 0x000000001f010000), (65536 bytes)


Internal statistics:

num_allocs_failed_limit: 0.
num_arena_births: 176.
num_arena_deaths: 0.
num_vsnodes_births: 2.
num_vsnodes_deaths: 0.
num_space_committed: 185.
num_space_uncommitted: 0.
num_chunks_returned_to_freelist: 0.
num_chunks_taken_from_freelist: 569.
num_chunk_merges: 0.
num_chunk_splits: 384.
num_chunks_enlarged: 288.
num_inconsistent_stats: 0.

CodeHeap 'non-profiled nmethods': size=120064Kb used=440Kb max_used=440Kb free=119623Kb
 bounds [0x00000209b0530000, 0x00000209b07a0000, 0x00000209b7a70000]
CodeHeap 'profiled nmethods': size=120000Kb used=2099Kb max_used=2099Kb free=117900Kb
 bounds [0x00000209a8a70000, 0x00000209a8ce0000, 0x00000209affa0000]
CodeHeap 'non-nmethods': size=5696Kb used=1571Kb max_used=1595Kb free=4124Kb
 bounds [0x00000209affa0000, 0x00000209b0210000, 0x00000209b0530000]
CodeCache: size=245760Kb, used=4110Kb, max_used=4134Kb, free=241647Kb
 total_blobs=2224, nmethods=1528, adapters=599, full_count=0
Compilation: enabled, stopped_count=0, restarted_count=0

Compilation events (20 events):
Event: 2.254 Thread 0x00000209bc551100 1519       3       java.util.AbstractList$Itr::hasNext (20 bytes)
Event: 2.254 Thread 0x00000209bc551100 nmethod 1519 0x00000209a8c76a08 code [0x00000209a8c76b00, 0x00000209a8c76d28]
Event: 2.254 Thread 0x00000209bc551100 1521   !   3       javafx.scene.CssStyleHelper::lookup (478 bytes)
Event: 2.257 Thread 0x00000209bc54b480 nmethod 1516 0x00000209b059be88 code [0x00000209b059bf80, 0x00000209b059c580]
Event: 2.257 Thread 0x00000209bc54b480 1526       4       java.util.HashSet::add (20 bytes)
Event: 2.259 Thread 0x00000209bc551100 nmethod 1521 0x00000209a8c76d88 code [0x00000209a8c76e80, 0x00000209a8c799e8]
Event: 2.259 Thread 0x00000209bc551100 1524       3       com.sun.javafx.css.StyleMap::getCascadingStyles (384 bytes)
Event: 2.263 Thread 0x00000209bc54b480 nmethod 1526 0x00000209b059c588 code [0x00000209b059c680, 0x00000209b059c8f0]
Event: 2.264 Thread 0x00000209bc551100 nmethod 1524 0x00000209a8c79a88 code [0x00000209a8c79ba0, 0x00000209a8c7c598]
Event: 2.264 Thread 0x00000209bc54b480 1528   !   4       java.util.concurrent.ConcurrentHashMap::putVal (432 bytes)
Event: 2.264 Thread 0x00000209bc551100 1525       3       java.lang.CharacterDataLatin1::isUpperCase (16 bytes)
Event: 2.264 Thread 0x00000209bc551100 nmethod 1525 0x00000209a8c7c608 code [0x00000209a8c7c700, 0x00000209a8c7c968]
Event: 2.264 Thread 0x00000209bc551100 1520       3       javafx.css.converter.FontConverter::getInstance (4 bytes)
Event: 2.265 Thread 0x00000209bc551100 nmethod 1520 0x00000209a8c7c988 code [0x00000209a8c7ca80, 0x00000209a8c7cb70]
Event: 2.265 Thread 0x00000209bc551100 1522       1       javafx.css.Match::getPseudoClasses (5 bytes)
Event: 2.265 Thread 0x00000209bc551100 nmethod 1522 0x00000209b059c908 code [0x00000209b059ca00, 0x00000209b059cac8]
Event: 2.265 Thread 0x00000209bc551100 1527       1       javafx.css.Size::getUnits (5 bytes)
Event: 2.265 Thread 0x00000209bc551100 nmethod 1527 0x00000209b059cc08 code [0x00000209b059cd00, 0x00000209b059cdc8]
Event: 2.265 Thread 0x00000209bc551100 1523       1       javafx.css.Rule$Observables::getDeclarations (5 bytes)
Event: 2.265 Thread 0x00000209bc551100 nmethod 1523 0x00000209b059cf08 code [0x00000209b059d000, 0x00000209b059d0c8]

GC Heap Usage History (2 events):
Event: 2.006 {heap Before GC invocations=0 (full 0):
 garbage-first heap   total reserved 1560576K, committed 100352K, used 48277K [0x00000000a0c00000, 0x0000000100000000)
  region size 1024K, 47 young (48128K), 0 survivors (0K)
}
Event: 2.014 {heap After GC invocations=1 (full 0):
 garbage-first heap   total reserved 1560576K, committed 100352K, used 5952K [0x00000000a0c00000, 0x0000000100000000)
  region size 1024K, 5 young (5120K), 5 survivors (5120K)
}

Metaspace Usage History (2 events):
Event: 2.006 {metaspace Before GC invocations=0 (full 0):
 Metaspace       used 9887K, committed 10176K, reserved 1114112K
  class space    used 1438K, committed 1600K, reserved 1048576K
}
Event: 2.014 {metaspace After GC invocations=1 (full 0):
 Metaspace       used 9887K, committed 10176K, reserved 1114112K
  class space    used 1438K, committed 1600K, reserved 1048576K
}

Dll operation events (20 events):
Event: 0.605 Loaded shared library D:\Bosha CS\SWE_Assign\Budgeting-System\bin\api-ms-win-crt-locale-l1-1-0.dll
Event: 0.608 Loaded shared library D:\Bosha CS\SWE_Assign\Budgeting-System\bin\api-ms-win-crt-math-l1-1-0.dll
Event: 0.610 Loaded shared library D:\Bosha CS\SWE_Assign\Budgeting-System\bin\api-ms-win-crt-multibyte-l1-1-0.dll
Event: 0.613 Loaded shared library D:\Bosha CS\SWE_Assign\Budgeting-System\bin\api-ms-win-crt-private-l1-1-0.dll
Event: 0.615 Loaded shared library D:\Bosha CS\SWE_Assign\Budgeting-System\bin\api-ms-win-crt-process-l1-1-0.dll
Event: 0.617 Loaded shared library D:\Bosha CS\SWE_Assign\Budgeting-System\bin\api-ms-win-crt-runtime-l1-1-0.dll
Event: 0.619 Loaded shared library D:\Bosha CS\SWE_Assign\Budgeting-System\bin\api-ms-win-crt-stdio-l1-1-0.dll
Event: 0.621 Loaded shared library D:\Bosha CS\SWE_Assign\Budgeting-System\bin\api-ms-win-crt-string-l1-1-0.dll
Event: 0.623 Loaded shared library D:\Bosha CS\SWE_Assign\Budgeting-System\bin\api-ms-win-crt-time-l1-1-0.dll
Event: 0.627 Loaded shared library D:\Bosha CS\SWE_Assign\Budgeting-System\bin\api-ms-win-crt-utility-l1-1-0.dll
Event: 0.631 Loaded shared library D:\Bosha CS\SWE_Assign\Budgeting-System\bin\ucrtbase.dll
Event: 0.633 Loaded shared library D:\Bosha CS\SWE_Assign\Budgeting-System\bin\vcruntime140.dll
Event: 0.635 Loaded shared library D:\Bosha CS\SWE_Assign\Budgeting-System\bin\vcruntime140_1.dll
Event: 0.638 Loaded shared library D:\Bosha CS\SWE_Assign\Budgeting-System\bin\msvcp140.dll
Event: 0.641 Loaded shared library D:\Bosha CS\SWE_Assign\Budgeting-System\bin\msvcp140_1.dll
Event: 0.645 Loaded shared library D:\Bosha CS\SWE_Assign\Budgeting-System\bin\msvcp140_2.dll
Event: 0.729 Loaded shared library D:\Bosha CS\SWE_Assign\Budgeting-System\bin\prism_d3d.dll
Event: 0.829 Loaded shared library D:\Bosha CS\SWE_Assign\Budgeting-System\bin\glass.dll
Event: 1.109 Loaded shared library C:\Program Files\Java\jdk-25.0.2\bin\jimage.dll
Event: 1.394 Loaded shared library D:\Bosha CS\SWE_Assign\Budgeting-System\bin\javafx_font.dll

Deoptimization events (20 events):
Event: 2.034 Thread 0x00000209c12d9060 Uncommon trap: trap_request=0xffffffde fr.pc=0x00000209b054eed4 relative=0x00000000000001d4
Event: 2.034 Thread 0x00000209c12d9060 Uncommon trap: reason=class_check action=maybe_recompile pc=0x00000209b054eed4 method=java.lang.String.equals(Ljava/lang/Object;)Z @ 8 c2
Event: 2.034 Thread 0x00000209c12d9060 DEOPT PACKING pc=0x00000209b054eed4 sp=0x00000015b6bfd8f0
Event: 2.034 Thread 0x00000209c12d9060 DEOPT UNPACKING pc=0x00000209b00bed02 sp=0x00000015b6bfd888 mode 2
Event: 2.034 Thread 0x00000209c12d9060 Uncommon trap: trap_request=0xffffffde fr.pc=0x00000209b054eed4 relative=0x00000000000001d4
Event: 2.034 Thread 0x00000209c12d9060 Uncommon trap: reason=class_check action=maybe_recompile pc=0x00000209b054eed4 method=java.lang.String.equals(Ljava/lang/Object;)Z @ 8 c2
Event: 2.034 Thread 0x00000209c12d9060 DEOPT PACKING pc=0x00000209b054eed4 sp=0x00000015b6bfd800
Event: 2.034 Thread 0x00000209c12d9060 DEOPT UNPACKING pc=0x00000209b00bed02 sp=0x00000015b6bfd798 mode 2
Event: 2.034 Thread 0x00000209c12d9060 Uncommon trap: trap_request=0xffffffde fr.pc=0x00000209b054eed4 relative=0x00000000000001d4
Event: 2.034 Thread 0x00000209c12d9060 Uncommon trap: reason=class_check action=maybe_recompile pc=0x00000209b054eed4 method=java.lang.String.equals(Ljava/lang/Object;)Z @ 8 c2
Event: 2.034 Thread 0x00000209c12d9060 DEOPT PACKING pc=0x00000209b054eed4 sp=0x00000015b6bfd800
Event: 2.034 Thread 0x00000209c12d9060 DEOPT UNPACKING pc=0x00000209b00bed02 sp=0x00000015b6bfd798 mode 2
Event: 2.037 Thread 0x00000209c12d9060 Uncommon trap: trap_request=0xffffffde fr.pc=0x00000209b054eed4 relative=0x00000000000001d4
Event: 2.037 Thread 0x00000209c12d9060 Uncommon trap: reason=class_check action=maybe_recompile pc=0x00000209b054eed4 method=java.lang.String.equals(Ljava/lang/Object;)Z @ 8 c2
Event: 2.037 Thread 0x00000209c12d9060 DEOPT PACKING pc=0x00000209b054eed4 sp=0x00000015b6bfd600
Event: 2.037 Thread 0x00000209c12d9060 DEOPT UNPACKING pc=0x00000209b00bed02 sp=0x00000015b6bfd598 mode 2
Event: 2.283 Thread 0x00000209c12d9060 Uncommon trap: trap_request=0xffffff45 fr.pc=0x00000209b0596040 relative=0x0000000000000140
Event: 2.283 Thread 0x00000209c12d9060 Uncommon trap: reason=unstable_if action=reinterpret pc=0x00000209b0596040 method=java.lang.String.indexOf(I)I @ 4 c2
Event: 2.283 Thread 0x00000209c12d9060 DEOPT PACKING pc=0x00000209b0596040 sp=0x00000015b6bfc9d0
Event: 2.283 Thread 0x00000209c12d9060 DEOPT UNPACKING pc=0x00000209b00bed02 sp=0x00000015b6bfc970 mode 2

Classes loaded (20 events):
Event: 1.808 Loading class jdk/internal/logger/LazyLoggers
Event: 1.808 Loading class jdk/internal/logger/LazyLoggers done
Event: 1.808 Loading class jdk/internal/logger/LazyLoggers$1
Event: 1.808 Loading class jdk/internal/logger/LazyLoggers$1 done
Event: 1.808 Loading class jdk/internal/logger/LazyLoggers$LazyLoggerFactories
Event: 1.808 Loading class jdk/internal/logger/LazyLoggers$LazyLoggerFactories done
Event: 1.808 Loading class jdk/internal/logger/LoggerFinderLoader
Event: 1.809 Loading class jdk/internal/logger/LoggerFinderLoader done
Event: 1.812 Loading class jdk/internal/logger/LoggerFinderLoader$TemporaryLoggerFinder
Event: 1.812 Loading class jdk/internal/logger/LoggerFinderLoader$TemporaryLoggerFinder done
Event: 1.818 Loading class sun/util/logging/internal/LoggingProviderImpl$JULWrapper
Event: 1.818 Loading class sun/util/logging/PlatformLogger$ConfigurableBridge$LoggerConfiguration
Event: 1.818 Loading class sun/util/logging/PlatformLogger$ConfigurableBridge$LoggerConfiguration done
Event: 1.819 Loading class sun/util/logging/internal/LoggingProviderImpl$JULWrapper done
Event: 1.869 Loading class java/lang/System$Logger$Level
Event: 1.869 Loading class java/lang/System$Logger$Level done
Event: 2.021 Loading class jdk/jfr/FlightRecorder
Event: 2.021 Loading class jdk/jfr/FlightRecorder done
Event: 2.069 Loading class java/util/ConcurrentModificationException
Event: 2.069 Loading class java/util/ConcurrentModificationException done

Classes unloaded (0 events):
No events

Classes redefined (0 events):
No events

Internal exceptions (20 events):
Event: 1.155 Thread 0x00000209c12d9060 Exception <a 'java/lang/NoSuchMethodError'{0x00000000a546a3b8}: 'java.lang.Object java.lang.invoke.DirectMethodHandle$Holder.invokeInterface(java.lang.Object, java.lang.Object)'> (0x00000000a546a3b8) 
thrown [s\open\src\hotspot\share\interpreter\linkResolver.cpp, line 804]
Event: 1.283 Thread 0x00000209c12d9060 Exception <a 'java/lang/NoSuchMethodError'{0x00000000a502d968}: 'java.lang.Object java.lang.invoke.DirectMethodHandle$Holder.invokeStaticInit(java.lang.Object, java.lang.Object, java.lang.Object, java.lang.Object)'> (0x00000000a502d968) 
thrown [s\open\src\hotspot\share\interpreter\linkResolver.cpp, line 804]
Event: 1.286 Thread 0x00000209c12d9060 Exception <a 'java/lang/NullPointerException'{0x00000000a50493c8}> (0x00000000a50493c8) 
thrown [s\open\src\hotspot\share\interpreter\linkResolver.cpp, line 1416]
Event: 1.351 Thread 0x00000209c12d9060 Exception <a 'java/lang/ClassNotFoundException'{0x00000000a4ee9130}: com/sun/glass/ui/win/themes> (0x00000000a4ee9130) 
thrown [s\open\src\hotspot\share\prims\jni.cpp, line 534]
Event: 1.353 Thread 0x00000209c12d9060 Exception <a 'java/lang/ClassNotFoundException'{0x00000000a4ef1198}: com/sun/glass/ui/win/themes_en> (0x00000000a4ef1198) 
thrown [s\open\src\hotspot\share\prims\jni.cpp, line 534]
Event: 1.354 Thread 0x00000209c12d9060 Exception <a 'java/lang/ClassNotFoundException'{0x00000000a4ef8e60}: com/sun/glass/ui/win/themes_en_US> (0x00000000a4ef8e60) 
thrown [s\open\src\hotspot\share\prims\jni.cpp, line 534]
Event: 1.528 Thread 0x00000209c12d9060 Exception <a 'java/lang/NoSuchMethodError'{0x00000000a4715da8}: 'void java.lang.invoke.DirectMethodHandle$Holder.invokeStaticInit(java.lang.Object, java.lang.Object)'> (0x00000000a4715da8) 
thrown [s\open\src\hotspot\share\interpreter\linkResolver.cpp, line 804]
Event: 1.555 Thread 0x00000209c12d9060 Exception <a 'java/lang/NoSuchMethodError'{0x00000000a47c2ec8}: 'void java.lang.invoke.DirectMethodHandle$Holder.invokeSpecial(java.lang.Object, java.lang.Object, int)'> (0x00000000a47c2ec8) 
thrown [s\open\src\hotspot\share\interpreter\linkResolver.cpp, line 804]
Event: 1.569 Thread 0x00000209c12d9060 Exception <a 'java/lang/NoSuchMethodError'{0x00000000a47dc0e0}: 'java.lang.Object java.lang.invoke.DirectMethodHandle$Holder.invokeStatic(java.lang.Object, java.lang.Object, java.lang.Object, java.lang.Object, int)'> (0x00000000a47dc0e0) 
thrown [s\open\src\hotspot\share\interpreter\linkResolver.cpp, line 804]
Event: 1.573 Thread 0x00000209c12d9060 Exception <a 'java/lang/NoSuchMethodError'{0x00000000a47f50d0}: 'void java.lang.invoke.DelegatingMethodHandle$Holder.reinvoke_L(java.lang.Object, java.lang.Object, int)'> (0x00000000a47f50d0) 
thrown [s\open\src\hotspot\share\interpreter\linkResolver.cpp, line 804]
Event: 1.643 Thread 0x00000209c12d9060 Exception <a 'java/lang/NoSuchMethodError'{0x00000000a46d2fd8}: 'java.lang.Object java.lang.invoke.Invokers$Holder.invokeExact_MT(java.lang.Object, java.lang.Object, java.lang.Object, java.lang.Object, java.lang.Object)'> (0x00000000a46d2fd8) 
thrown [s\open\src\hotspot\share\interpreter\linkResolver.cpp, line 804]
Event: 1.652 Thread 0x00000209c12d9060 Exception <a 'java/lang/NoSuchMethodError'{0x00000000a46f3038}: 'void java.lang.invoke.DirectMethodHandle$Holder.invokeSpecial(java.lang.Object, java.lang.Object, double)'> (0x00000000a46f3038) 
thrown [s\open\src\hotspot\share\interpreter\linkResolver.cpp, line 804]
Event: 1.656 Thread 0x00000209c12d9060 Exception <a 'java/lang/NoSuchMethodError'{0x00000000a450bb00}: 'double java.lang.invoke.DelegatingMethodHandle$Holder.reinvoke_L(java.lang.Object, java.lang.Object, int)'> (0x00000000a450bb00) 
thrown [s\open\src\hotspot\share\interpreter\linkResolver.cpp, line 804]
Event: 1.661 Thread 0x00000209c12d9060 Exception <a 'java/lang/NoSuchMethodError'{0x00000000a4523d80}: 'void java.lang.invoke.DelegatingMethodHandle$Holder.reinvoke_L(java.lang.Object, java.lang.Object, double)'> (0x00000000a4523d80) 
thrown [s\open\src\hotspot\share\interpreter\linkResolver.cpp, line 804]
Event: 1.842 Thread 0x00000209c12d9060 Implicit null exception at 0x00000209b05517b6 to 0x00000209b0551852
Event: 1.865 Thread 0x00000209c12d9060 Implicit null exception at 0x00000209b0580d4a to 0x00000209b0580f84
Event: 2.024 Thread 0x00000209c12d9060 Implicit null exception at 0x00000209b058034a to 0x00000209b0580574
Event: 2.028 Thread 0x00000209c12d9060 Implicit null exception at 0x00000209b0548f9d to 0x00000209b0549015
Event: 2.050 Thread 0x00000209c12d9060 Exception <a 'java/lang/NoSuchMethodError'{0x00000000a6a32e30}: 'int java.lang.invoke.DirectMethodHandle$Holder.invokeStaticInit(java.lang.Object, java.lang.Object)'> (0x00000000a6a32e30) 
thrown [s\open\src\hotspot\share\interpreter\linkResolver.cpp, line 804]
Event: 2.186 Thread 0x00000209c12d9060 Exception <a 'java/lang/NoSuchMethodError'{0x00000000a65f0808}: 'void java.lang.invoke.DirectMethodHandle$Holder.invokeSpecial(java.lang.Object, java.lang.Object, java.lang.Object, java.lang.Object, java.lang.Object, java.lang.Object)'> (0x00000000a65f0808) 
thrown [s\open\src\hotspot\share\interpreter\linkResolver.cpp, line 804]

VM Operations (12 events):
Event: 0.166 Executing non-safepoint VM operation: HandshakeAllThreads (Deoptimize)
Event: 0.166 Executing non-safepoint VM operation: HandshakeAllThreads (Deoptimize) done
Event: 0.308 Executing non-safepoint VM operation: HandshakeAllThreads (Deoptimize)
Event: 0.308 Executing non-safepoint VM operation: HandshakeAllThreads (Deoptimize) done
Event: 0.821 Executing non-safepoint VM operation: HandshakeAllThreads (Deoptimize)
Event: 0.821 Executing non-safepoint VM operation: HandshakeAllThreads (Deoptimize) done
Event: 1.134 Executing non-safepoint VM operation: HandshakeAllThreads (Deoptimize)
Event: 1.135 Executing non-safepoint VM operation: HandshakeAllThreads (Deoptimize) done
Event: 1.405 Executing non-safepoint VM operation: HandshakeAllThreads (Deoptimize)
Event: 1.405 Executing non-safepoint VM operation: HandshakeAllThreads (Deoptimize) done
Event: 2.006 Executing safepoint VM operation: G1CollectForAllocation (G1 Evacuation Pause)
Event: 2.014 Executing safepoint VM operation: G1CollectForAllocation (G1 Evacuation Pause) done

Memory protections (0 events):
No events

Nmethod flushes (0 events):
No events

Events (20 events):
Event: 0.048 Thread 0x000002099df1e2c0 Thread added: 0x000002099df1e2c0
Event: 0.076 Thread 0x000002099df1e2c0 Thread added: 0x00000209bc53b570
Event: 0.076 Thread 0x000002099df1e2c0 Thread added: 0x00000209bc53bfd0
Event: 0.077 Thread 0x000002099df1e2c0 Thread added: 0x00000209bc53f9f0
Event: 0.077 Thread 0x000002099df1e2c0 Thread added: 0x00000209bc5415c0
Event: 0.077 Thread 0x000002099df1e2c0 Thread added: 0x00000209bc54a190
Event: 0.077 Thread 0x000002099df1e2c0 Thread added: 0x00000209bc5448e0
Event: 0.078 Thread 0x000002099df1e2c0 Thread added: 0x00000209bc54b480
Event: 0.078 Thread 0x000002099df1e2c0 Thread added: 0x00000209bc551100
Event: 0.147 Thread 0x000002099df1e2c0 Thread added: 0x00000209bc546050
Event: 0.244 Thread 0x00000209bc551100 Thread added: 0x00000209bc6f7fd0
Event: 0.337 Thread 0x000002099df1e2c0 Thread added: 0x00000209bc5477c0
Event: 0.567 Thread 0x00000209bc6f7fd0 Thread exited: 0x00000209bc6f7fd0
Event: 0.717 Thread 0x000002099df1e2c0 Thread added: 0x00000209bc5429a0
Event: 0.833 Thread 0x000002099df1e2c0 Thread added: 0x00000209c12dde80
Event: 0.841 Thread 0x000002099df1e2c0 Thread added: 0x00000209c12d9060
Event: 1.051 Thread 0x00000209c11d9240 Thread added: 0x00000209c11d9240
Event: 1.052 Thread 0x000002099df1e2c0 Thread added: 0x00000209c11d4bf0
Event: 1.437 Thread 0x00000209bc551100 Thread added: 0x00000209c1777d60
Event: 2.056 Thread 0x00000209c1777d60 Thread exited: 0x00000209c1777d60


Dynamic libraries:
0x00007ff6e3660000 - 0x00007ff6e3670000 	C:\Program Files\Java\jdk-25.0.2\bin\java.exe
0x00007ffd6ca10000 - 0x00007ffd6cc08000 	C:\Windows\SYSTEM32\ntdll.dll
0x00007ffd6c750000 - 0x00007ffd6c812000 	C:\Windows\System32\KERNEL32.DLL
0x00007ffd6a430000 - 0x00007ffd6a726000 	C:\Windows\System32\KERNELBASE.dll
0x00007ffd6a150000 - 0x00007ffd6a250000 	C:\Windows\System32\ucrtbase.dll
0x00007ffd4c980000 - 0x00007ffd4c99e000 	C:\Program Files\Java\jdk-25.0.2\bin\VCRUNTIME140.dll
0x00007ffd4fbf0000 - 0x00007ffd4fc07000 	C:\Program Files\Java\jdk-25.0.2\bin\jli.dll
0x00007ffd6aed0000 - 0x00007ffd6b071000 	C:\Windows\System32\USER32.dll
0x00007ffd6a0a0000 - 0x00007ffd6a0c2000 	C:\Windows\System32\win32u.dll
0x00007ffd53a30000 - 0x00007ffd53ccb000 	C:\Windows\WinSxS\amd64_microsoft.windows.common-controls_6595b64144ccf1df_6.0.19041.6456_none_60b8a6cb71f64256\COMCTL32.dll
0x00007ffd6be80000 - 0x00007ffd6beab000 	C:\Windows\System32\GDI32.dll
0x00007ffd6b350000 - 0x00007ffd6b3ee000 	C:\Windows\System32\msvcrt.dll
0x00007ffd6a280000 - 0x00007ffd6a399000 	C:\Windows\System32\gdi32full.dll
0x00007ffd6a780000 - 0x00007ffd6a81d000 	C:\Windows\System32\msvcp_win.dll
0x00007ffd6b1c0000 - 0x00007ffd6b1ef000 	C:\Windows\System32\IMM32.DLL
0x00007ffd647d0000 - 0x00007ffd647dc000 	C:\Program Files\Java\jdk-25.0.2\bin\vcruntime140_1.dll
0x00007ffd47fd0000 - 0x00007ffd4805d000 	C:\Program Files\Java\jdk-25.0.2\bin\msvcp140.dll
0x00007ffced6c0000 - 0x00007ffcee51f000 	C:\Program Files\Java\jdk-25.0.2\bin\server\jvm.dll
0x00007ffd6ace0000 - 0x00007ffd6ad91000 	C:\Windows\System32\ADVAPI32.dll
0x00007ffd6ae30000 - 0x00007ffd6aecf000 	C:\Windows\System32\sechost.dll
0x00007ffd6ab60000 - 0x00007ffd6ac80000 	C:\Windows\System32\RPCRT4.dll
0x00007ffd6a250000 - 0x00007ffd6a277000 	C:\Windows\System32\bcrypt.dll
0x00007ffd6b1f0000 - 0x00007ffd6b25b000 	C:\Windows\System32\WS2_32.dll
0x00007ffd69f00000 - 0x00007ffd69f4b000 	C:\Windows\SYSTEM32\POWRPROF.dll
0x00007ffd5faf0000 - 0x00007ffd5fb17000 	C:\Windows\SYSTEM32\WINMM.dll
0x00007ffd5fb20000 - 0x00007ffd5fb2a000 	C:\Windows\SYSTEM32\VERSION.dll
0x00007ffd69ee0000 - 0x00007ffd69ef2000 	C:\Windows\SYSTEM32\UMPDC.dll
0x00007ffd67f10000 - 0x00007ffd67f22000 	C:\Windows\SYSTEM32\kernel.appcore.dll
0x00007ffd5cf30000 - 0x00007ffd5cf3a000 	C:\Program Files\Java\jdk-25.0.2\bin\jimage.dll
0x00007ffd58bd0000 - 0x00007ffd58dd1000 	C:\Windows\SYSTEM32\DBGHELP.DLL
0x00007ffd58420000 - 0x00007ffd58454000 	C:\Windows\SYSTEM32\dbgcore.DLL
0x00007ffd6a3a0000 - 0x00007ffd6a422000 	C:\Windows\System32\bcryptPrimitives.dll
0x00007ffd4c1f0000 - 0x00007ffd4c20f000 	C:\Program Files\Java\jdk-25.0.2\bin\java.dll
0x00007ffd6aa30000 - 0x00007ffd6ab5b000 	C:\Windows\System32\ole32.dll
0x00007ffd6c3f0000 - 0x00007ffd6c744000 	C:\Windows\System32\combase.dll
0x00007ffd6b5d0000 - 0x00007ffd6bd40000 	C:\Windows\System32\SHELL32.dll
0x00007ffd68110000 - 0x00007ffd688b5000 	C:\Windows\SYSTEM32\windows.storage.dll
0x00007ffd699f0000 - 0x00007ffd69a1b000 	C:\Windows\SYSTEM32\Wldp.dll
0x00007ffd6bd40000 - 0x00007ffd6be0d000 	C:\Windows\System32\OLEAUT32.dll
0x00007ffd6beb0000 - 0x00007ffd6bf5d000 	C:\Windows\System32\SHCORE.dll
0x00007ffd6b450000 - 0x00007ffd6b4ab000 	C:\Windows\System32\shlwapi.dll
0x00007ffd69fd0000 - 0x00007ffd69ff4000 	C:\Windows\SYSTEM32\profapi.dll
0x00007ffd4c430000 - 0x00007ffd4c442000 	C:\Program Files\Java\jdk-25.0.2\bin\net.dll
0x00007ffd69750000 - 0x00007ffd697ba000 	C:\Windows\system32\mswsock.dll
0x00007ffd4c150000 - 0x00007ffd4c166000 	C:\Program Files\Java\jdk-25.0.2\bin\nio.dll
0x00007ffd4c960000 - 0x00007ffd4c977000 	C:\Program Files\Java\jdk-25.0.2\bin\zip.dll
0x000002099e0d0000 - 0x000002099e0d3000 	D:\Bosha CS\SWE_Assign\Budgeting-System\bin\api-ms-win-core-console-l1-1-0.dll
0x000002099e0e0000 - 0x000002099e0e3000 	D:\Bosha CS\SWE_Assign\Budgeting-System\bin\api-ms-win-core-console-l1-2-0.dll
0x00000209a0140000 - 0x00000209a0143000 	D:\Bosha CS\SWE_Assign\Budgeting-System\bin\api-ms-win-core-datetime-l1-1-0.dll
0x00000209a0150000 - 0x00000209a0153000 	D:\Bosha CS\SWE_Assign\Budgeting-System\bin\api-ms-win-core-debug-l1-1-0.dll
0x00000209a0160000 - 0x00000209a0163000 	D:\Bosha CS\SWE_Assign\Budgeting-System\bin\api-ms-win-core-errorhandling-l1-1-0.dll
0x00000209a0170000 - 0x00000209a0174000 	D:\Bosha CS\SWE_Assign\Budgeting-System\bin\api-ms-win-core-file-l1-1-0.dll
0x00000209a0180000 - 0x00000209a0183000 	D:\Bosha CS\SWE_Assign\Budgeting-System\bin\api-ms-win-core-file-l1-2-0.dll
0x00000209a0190000 - 0x00000209a0193000 	D:\Bosha CS\SWE_Assign\Budgeting-System\bin\api-ms-win-core-file-l2-1-0.dll
0x00000209bcb60000 - 0x00000209bcb63000 	D:\Bosha CS\SWE_Assign\Budgeting-System\bin\api-ms-win-core-handle-l1-1-0.dll
0x00000209bcb70000 - 0x00000209bcb73000 	D:\Bosha CS\SWE_Assign\Budgeting-System\bin\api-ms-win-core-heap-l1-1-0.dll
0x00000209bcb80000 - 0x00000209bcb83000 	D:\Bosha CS\SWE_Assign\Budgeting-System\bin\api-ms-win-core-interlocked-l1-1-0.dll
0x00000209bcb90000 - 0x00000209bcb93000 	D:\Bosha CS\SWE_Assign\Budgeting-System\bin\api-ms-win-core-libraryloader-l1-1-0.dll
0x00000209bcba0000 - 0x00000209bcba3000 	D:\Bosha CS\SWE_Assign\Budgeting-System\bin\api-ms-win-core-localization-l1-2-0.dll
0x00000209bcbb0000 - 0x00000209bcbb3000 	D:\Bosha CS\SWE_Assign\Budgeting-System\bin\api-ms-win-core-memory-l1-1-0.dll
0x00000209bcbc0000 - 0x00000209bcbc3000 	D:\Bosha CS\SWE_Assign\Budgeting-System\bin\api-ms-win-core-namedpipe-l1-1-0.dll
0x00000209bcbd0000 - 0x00000209bcbd3000 	D:\Bosha CS\SWE_Assign\Budgeting-System\bin\api-ms-win-core-processenvironment-l1-1-0.dll
0x00000209bcbe0000 - 0x00000209bcbe3000 	D:\Bosha CS\SWE_Assign\Budgeting-System\bin\api-ms-win-core-processthreads-l1-1-0.dll
0x00000209bcbf0000 - 0x00000209bcbf3000 	D:\Bosha CS\SWE_Assign\Budgeting-System\bin\api-ms-win-core-processthreads-l1-1-1.dll
0x00000209bcc00000 - 0x00000209bcc03000 	D:\Bosha CS\SWE_Assign\Budgeting-System\bin\api-ms-win-core-profile-l1-1-0.dll
0x00000209bcc10000 - 0x00000209bcc13000 	D:\Bosha CS\SWE_Assign\Budgeting-System\bin\api-ms-win-core-rtlsupport-l1-1-0.dll
0x00000209bcc20000 - 0x00000209bcc23000 	D:\Bosha CS\SWE_Assign\Budgeting-System\bin\api-ms-win-core-string-l1-1-0.dll
0x00000209bcc30000 - 0x00000209bcc33000 	D:\Bosha CS\SWE_Assign\Budgeting-System\bin\api-ms-win-core-synch-l1-1-0.dll
0x00000209bcc40000 - 0x00000209bcc43000 	D:\Bosha CS\SWE_Assign\Budgeting-System\bin\api-ms-win-core-synch-l1-2-0.dll
0x00000209bcc50000 - 0x00000209bcc53000 	D:\Bosha CS\SWE_Assign\Budgeting-System\bin\api-ms-win-core-sysinfo-l1-1-0.dll
0x00000209bcc60000 - 0x00000209bcc63000 	D:\Bosha CS\SWE_Assign\Budgeting-System\bin\api-ms-win-core-timezone-l1-1-0.dll
0x00000209bcc70000 - 0x00000209bcc73000 	D:\Bosha CS\SWE_Assign\Budgeting-System\bin\api-ms-win-core-util-l1-1-0.dll
0x00000209bcc80000 - 0x00000209bcc83000 	D:\Bosha CS\SWE_Assign\Budgeting-System\bin\api-ms-win-crt-conio-l1-1-0.dll
0x00000209bcc90000 - 0x00000209bcc94000 	D:\Bosha CS\SWE_Assign\Budgeting-System\bin\api-ms-win-crt-convert-l1-1-0.dll
0x00000209bcca0000 - 0x00000209bcca3000 	D:\Bosha CS\SWE_Assign\Budgeting-System\bin\api-ms-win-crt-environment-l1-1-0.dll
0x00000209bccb0000 - 0x00000209bccb3000 	D:\Bosha CS\SWE_Assign\Budgeting-System\bin\api-ms-win-crt-filesystem-l1-1-0.dll
0x00000209bccc0000 - 0x00000209bccc3000 	D:\Bosha CS\SWE_Assign\Budgeting-System\bin\api-ms-win-crt-heap-l1-1-0.dll
0x00000209bccd0000 - 0x00000209bccd3000 	D:\Bosha CS\SWE_Assign\Budgeting-System\bin\api-ms-win-crt-locale-l1-1-0.dll
0x00000209bcce0000 - 0x00000209bcce5000 	D:\Bosha CS\SWE_Assign\Budgeting-System\bin\api-ms-win-crt-math-l1-1-0.dll
0x00000209bccf0000 - 0x00000209bccf5000 	D:\Bosha CS\SWE_Assign\Budgeting-System\bin\api-ms-win-crt-multibyte-l1-1-0.dll
0x00000209bcd00000 - 0x00000209bcd10000 	D:\Bosha CS\SWE_Assign\Budgeting-System\bin\api-ms-win-crt-private-l1-1-0.dll
0x00000209bcd10000 - 0x00000209bcd13000 	D:\Bosha CS\SWE_Assign\Budgeting-System\bin\api-ms-win-crt-process-l1-1-0.dll
0x00000209bcd20000 - 0x00000209bcd24000 	D:\Bosha CS\SWE_Assign\Budgeting-System\bin\api-ms-win-crt-runtime-l1-1-0.dll
0x00000209bcd30000 - 0x00000209bcd34000 	D:\Bosha CS\SWE_Assign\Budgeting-System\bin\api-ms-win-crt-stdio-l1-1-0.dll
0x00000209bcd40000 - 0x00000209bcd44000 	D:\Bosha CS\SWE_Assign\Budgeting-System\bin\api-ms-win-crt-string-l1-1-0.dll
0x00000209bcd50000 - 0x00000209bcd53000 	D:\Bosha CS\SWE_Assign\Budgeting-System\bin\api-ms-win-crt-time-l1-1-0.dll
0x00000209bcd60000 - 0x00000209bcd63000 	D:\Bosha CS\SWE_Assign\Budgeting-System\bin\api-ms-win-crt-utility-l1-1-0.dll
0x00007ffd50340000 - 0x00007ffd5043c000 	D:\Bosha CS\SWE_Assign\Budgeting-System\bin\ucrtbase.dll
0x00007ffd647b0000 - 0x00007ffd647cb000 	D:\Bosha CS\SWE_Assign\Budgeting-System\bin\vcruntime140.dll
0x00007ffd66740000 - 0x00007ffd6674c000 	D:\Bosha CS\SWE_Assign\Budgeting-System\bin\vcruntime140_1.dll
0x00007ffd51fc0000 - 0x00007ffd5204e000 	D:\Bosha CS\SWE_Assign\Budgeting-System\bin\msvcp140.dll
0x00007ffd64850000 - 0x00007ffd64859000 	D:\Bosha CS\SWE_Assign\Budgeting-System\bin\msvcp140_1.dll
0x00007ffd568a0000 - 0x00007ffd568e1000 	D:\Bosha CS\SWE_Assign\Budgeting-System\bin\msvcp140_2.dll
0x00007ffd621e0000 - 0x00007ffd62210000 	D:\Bosha CS\SWE_Assign\Budgeting-System\bin\prism_d3d.dll
0x00007ffd38fc0000 - 0x00007ffd39191000 	C:\Windows\system32\d3d9.dll
0x00007ffd67c10000 - 0x00007ffd67c3e000 	C:\Windows\SYSTEM32\dwmapi.dll
0x00007ffd67a20000 - 0x00007ffd67abe000 	C:\Windows\system32\uxtheme.dll
0x00007ffd5fb30000 - 0x00007ffd5fd0b000 	C:\Windows\System32\DriverStore\FileRepository\u0372698.inf_amd64_2366d501a5d0e392\B370279\aticfx64.dll
0x00007ffd51f80000 - 0x00007ffd51fb3000 	C:\Windows\System32\DriverStore\FileRepository\u0372698.inf_amd64_2366d501a5d0e392\B370279\atiu9p64.dll
0x00007ffce7720000 - 0x00007ffce847a000 	C:\Windows\System32\DriverStore\FileRepository\u0372698.inf_amd64_2366d501a5d0e392\B370279\atiumd64.dll
0x0000000060e00000 - 0x0000000061ccb000 	C:\Windows\System32\DriverStore\FileRepository\u0372698.inf_amd64_2366d501a5d0e392\B370279\atiumd6a.dll
0x00007ffd5d8a0000 - 0x00007ffd5d8d0000 	C:\Windows\SYSTEM32\amdihk64.dll
0x00007ffd502f0000 - 0x00007ffd50332000 	D:\Bosha CS\SWE_Assign\Budgeting-System\bin\glass.dll
0x00007ffd6b260000 - 0x00007ffd6b33a000 	C:\Windows\System32\COMDLG32.dll
0x00007ffd6b4b0000 - 0x00007ffd6b5c5000 	C:\Windows\System32\MSCTF.dll
0x00007ffd60570000 - 0x00007ffd605ab000 	C:\Windows\SYSTEM32\dxcore.dll
0x00007ffd6a730000 - 0x00007ffd6a77e000 	C:\Windows\System32\cfgmgr32.dll
0x00007ffd64790000 - 0x00007ffd647a4000 	D:\Bosha CS\SWE_Assign\Budgeting-System\bin\javafx_font.dll
0x00007ffd5a450000 - 0x00007ffd5a6cf000 	C:\Windows\SYSTEM32\dwrite.dll
0x00007ffd6b110000 - 0x00007ffd6b1b9000 	C:\Windows\System32\clbcatq.dll
0x00007ffd67810000 - 0x00007ffd679c6000 	C:\Windows\SYSTEM32\WindowsCodecs.dll
0x00007ffd4b300000 - 0x00007ffd4b33e000 	C:\Windows\system32\dataexchange.dll
0x00007ffd64390000 - 0x00007ffd64574000 	C:\Windows\system32\dcomp.dll
0x00007ffd640d0000 - 0x00007ffd64334000 	C:\Windows\system32\d3d11.dll
0x00007ffd68920000 - 0x00007ffd68a16000 	C:\Windows\system32\dxgi.dll
0x00007ffd61fd0000 - 0x00007ffd621d3000 	C:\Windows\system32\twinapi.appcore.dll
0x00007ffd502b0000 - 0x00007ffd502e4000 	C:\Program Files\Common Files\Microsoft Shared\Ink\rtscom.dll

JVMTI agents: none

dbghelp: loaded successfully - version: 4.0.5 - missing functions: none
symbol engine: initialized successfully - sym options: 0x614 - pdb path: .;C:\Program Files\Java\jdk-25.0.2\bin;C:\Windows\SYSTEM32;C:\Windows\WinSxS\amd64_microsoft.windows.common-controls_6595b64144ccf1df_6.0.19041.6456_none_60b8a6cb71f64256;C:\Program Files\Java\jdk-25.0.2\bin\server;D:\Bosha CS\SWE_Assign\Budgeting-System\bin;C:\Windows\System32\DriverStore\FileRepository\u0372698.inf_amd64_2366d501a5d0e392\B370279;C:\Program Files\Common Files\Microsoft Shared\Ink

VM Arguments:
jvm_args: --module-path=D:\Bosha CS\SWE_Assign\Budgeting-System/lib --add-modules=javafx.controls,javafx.fxml -XX:+ShowCodeDetailsInExceptionMessages 
java_command: src.Main
java_class_path (initial): C:\Users\USER\AppData\Roaming\Antigravity\User\workspaceStorage\fea51495a73bb92cb0f4e41bfc7e366a\redhat.java\jdt_ws\Budgeting-System_ccb4dc\bin;d:\Bosha CS\SWE_Assign\Budgeting-System\lib\javafx.web.jar;d:\Bosha CS\SWE_Assign\Budgeting-System\lib\javafx.fxml.jar;d:\Bosha CS\SWE_Assign\Budgeting-System\lib\javafx-swt.jar;d:\Bosha CS\SWE_Assign\Budgeting-System\lib\javafx.base.jar;d:\Bosha CS\SWE_Assign\Budgeting-System\lib\javafx.controls.jar;d:\Bosha CS\SWE_Assign\Budgeting-System\lib\javafx.media.jar;d:\Bosha CS\SWE_Assign\Budgeting-System\lib\javafx.swing.jar;d:\Bosha CS\SWE_Assign\Budgeting-System\lib\javafx.graphics.jar
Launcher Type: SUN_STANDARD

[Global flags]
     intx CICompilerCount                          = 4                                         {product} {ergonomic}
     uint ConcGCThreads                            = 2                                         {product} {ergonomic}
     uint G1ConcRefinementThreads                  = 8                                         {product} {ergonomic}
   size_t G1HeapRegionSize                         = 1048576                                   {product} {ergonomic}
   size_t InitialHeapSize                          = 100663296                                 {product} {ergonomic}
   size_t MarkStackSize                            = 4194304                                   {product} {ergonomic}
   size_t MarkStackSizeMax                         = 536870912                                 {product} {ergonomic}
   size_t MaxHeapSize                              = 1598029824                                {product} {ergonomic}
   size_t MaxNewSize                               = 958398464                                 {product} {ergonomic}
   size_t MinHeapDeltaBytes                        = 1048576                                   {product} {ergonomic}
   size_t MinHeapSize                              = 8388608                                   {product} {ergonomic}
    uintx NonNMethodCodeHeapSize                   = 5832704                                {pd product} {ergonomic}
    uintx NonProfiledCodeHeapSize                  = 122945536                              {pd product} {ergonomic}
    uintx ProfiledCodeHeapSize                     = 122880000                              {pd product} {ergonomic}
    uintx ReservedCodeCacheSize                    = 251658240                              {pd product} {ergonomic}
     bool SegmentedCodeCache                       = true                                      {product} {ergonomic}
     bool ShowCodeDetailsInExceptionMessages       = true                                   {manageable} {command line}
   size_t SoftMaxHeapSize                          = 1598029824                             {manageable} {ergonomic}
     bool UseCompressedOops                        = true                           {product lp64_product} {ergonomic}
     bool UseG1GC                                  = true                                      {product} {ergonomic}
     bool UseLargePagesIndividualAllocation        = false                                  {pd product} {ergonomic}

Logging:
Log output configuration:
 #0: stdout all=warning uptime,level,tags foldmultilines=false
 #1: stderr all=off uptime,level,tags foldmultilines=false

Release file:
IMPLEMENTOR="Oracle Corporation" 
JAVA_RUNTIME_VERSION="25.0.2+10-LTS-69" 
JAVA_VERSION="25.0.2" 
JAVA_VERSION_DATE="2026-01-20" 
LIBC="default" 
MODULES="java.base java.compiler java.datatransfer java.xml java.prefs java.desktop java.instrument java.logging java.management java.security.sasl java.naming java.rmi java.management.rmi java.net.http java.scripting java.security.jgss java.transaction.xa java.sql java.sql.rowset java.xml.crypto java.se java.smartcardio jdk.accessibility jdk.internal.jvmstat jdk.attach jdk.charsets jdk.internal.opt jdk.zipfs jdk.compiler jdk.crypto.cryptoki jdk.crypto.ec jdk.crypto.mscapi jdk.dynalink jdk.internal.ed jdk.editpad jdk.internal.vm.ci jdk.graal.compiler jdk.graal.compiler.management jdk.hotspot.agent jdk.httpserver jdk.incubator.vector jdk.internal.le jdk.internal.md jdk.jartool jdk.javadoc jdk.jcmd jdk.management jdk.management.agent jdk.jconsole jdk.jdeps jdk.jdwp.agent jdk.jdi jdk.jfr jdk.jlink jdk.jpackage jdk.jshell jdk.jsobject jdk.jstatd jdk.localedata jdk.management.jfr jdk.naming.dns jdk.naming.rmi jdk.net jdk.nio.mapmode jdk.sctp jdk.security.auth jdk.security.jgss jdk.unsupported jdk.unsupported.desktop jdk.xml.dom" 
OS_ARCH="x86_64" 
OS_NAME="Windows" 
SOURCE=".:git:b75efb40c93a open:git:405a5699ebd0" 

Environment Variables:
PATH=C:\Program Files\Common Files\Oracle\Java\javapath;C:\Program Files (x86)\VMware\VMware Workstation\bin\;C:\Windows\system32;C:\Windows;C:\Windows\System32\Wbem;C:\Windows\System32\WindowsPowerShell\v1.0\;C:\Windows\System32\OpenSSH\;C:\Program Files\dotnet\;C:\Program Files (x86)\Microsoft SQL Server\160\Tools\Binn\;C:\Program Files\Microsoft SQL Server\160\Tools\Binn\;C:\Program Files\Microsoft SQL Server\Client SDK\ODBC\170\Tools\Binn\;C:\Program Files\Microsoft SQL Server\160\DTS\Binn\;C:\Program Files (x86)\Microsoft SQL Server\160\DTS\Binn\;C:\Program Files\Git\cmd;C:\msys64\mingw64\bin;C:\Program Files (x86)\Windows Kits\10\Windows Performance Toolkit\;C:\Program Files\CMake\bin;;D:\Camera Roll\doxygen\bin;C:\Users\USER\Graphviz\bin;C:\Program Files (x86)\Microsoft SQL Server\170\Tools\Binn\;C:\Program Files\Microsoft SQL Server\170\Tools\Binn\;C:\Program Files\Microsoft SQL Server\Client SDK\ODBC\180\Tools\Binn\;C:\Program Files\Microsoft SQL Server\170\DTS\Binn\;C:\Program Files\nodejs\;C:\Users\USER\AppData\Local\Microsoft\WindowsApps;C:\Users\USER\AppData\Local\Programs\Microsoft VS Code\bin;E:\CLion 2025.2.2\bin;C:\Users\USER\AppData\Roaming\npm;C:\Users\USER\AppData\Local\Python\bin;C:\Users\USER\AppData\Local\Programs\Antigravity\bin;c:\Users\USER\.antigravity\extensions\vscjava.vscode-java-debug-0.59.0-universal\bundled\scripts\noConfigScripts
USERNAME=USER
LANG=en_US.UTF-8
OS=Windows_NT
PROCESSOR_IDENTIFIER=AMD64 Family 23 Model 24 Stepping 1, AuthenticAMD
TMP=C:\Users\USER\AppData\Local\Temp
TEMP=C:\Users\USER\AppData\Local\Temp




Compilation memory statistics disabled.

Periodic native trim disabled

---------------  S Y S T E M  ---------------

OS:
 Windows 10 , 64 bit Build 19041 (10.0.19041.5915)
OS uptime: 0 days 0:55 hours

CPU: total 8 (initial active 8) (8 cores per cpu, 2 threads per core) family 23 model 24 stepping 1 microcode 0x0, cx8, cmov, fxsr, ht, mmx, 3dnowpref, sse, sse2, sse3, ssse3, sse4a, sse4.1, sse4.2, popcnt, lzcnt, tsc, tscinvbit, avx, avx2, aes, clmul, bmi1, bmi2, adx, sha, fma, vzeroupper, clflush, clflushopt, rdtscp, f16c
Processor Information for the first 8 processors :
  Max Mhz: 2100, Current Mhz: 2100, Mhz Limit: 2100

Memory: 4k page, system-wide physical 6090M (410M free)
TotalPageFile size 16330M (AvailPageFile size 3684M)
current process WorkingSet (physical memory assigned to process): 133M, peak: 133M
current process commit charge ("private bytes"): 231M, peak: 233M

vm_info: Java HotSpot(TM) 64-Bit Server VM (25.0.2+10-LTS-69) for windows-amd64 JRE (25.0.2+10-LTS-69), built on 2025-12-18T11:36:35Z with MS VC++ 17.13 (VS2022)

END.
