#
# There is insufficient memory for the Java Runtime Environment to continue.
# Native memory allocation (malloc) failed to allocate 400592 bytes. Error detail: Chunk::new
# Possible reasons:
#   The system is out of physical RAM or swap space
#   This process is running with CompressedOops enabled, and the Java Heap may be blocking the growth of the native heap
# Possible solutions:
#   Reduce memory load on the system
#   Increase physical memory or swap space
#   Check if swap backing store is full
#   Decrease Java heap size (-Xmx/-Xms)
#   Decrease number of Java threads
#   Decrease Java thread stack sizes (-Xss)
#   Set larger code cache with -XX:ReservedCodeCacheSize=
#   JVM is running with Unscaled Compressed Oops mode in which the Java heap is
#     placed in the first 4GB address space. The Java Heap base address is the
#     maximum limit for the native heap growth. Please use -XX:HeapBaseMinAddress
#     to set the Java Heap base and to place the Java Heap above 4GB virtual address.
# This output file may be truncated or incomplete.
#
#  Out of Memory Error (arena.cpp:168), pid=7564, tid=4312
#
# JRE version: OpenJDK Runtime Environment Temurin-21.0.10+7 (21.0.10+7) (build 21.0.10+7-LTS)
# Java VM: OpenJDK 64-Bit Server VM Temurin-21.0.10+7 (21.0.10+7-LTS, mixed mode, sharing, tiered, compressed oops, compressed class ptrs, parallel gc, windows-amd64)
# No core dump will be written. Minidumps are not enabled by default on client versions of Windows
#

---------------  S U M M A R Y ------------

Command Line: --add-modules=ALL-SYSTEM --add-opens=java.base/java.util=ALL-UNNAMED --add-opens=java.base/java.lang=ALL-UNNAMED --add-opens=java.base/sun.nio.fs=ALL-UNNAMED -Declipse.application=org.eclipse.jdt.ls.core.id1 -Dosgi.bundles.defaultStartLevel=4 -Declipse.product=org.eclipse.jdt.ls.core.product -Djava.import.generatesMetadataFilesAtProjectRoot=false -DDetectVMInstallationsJob.disabled=true -Dfile.encoding=utf8 -XX:+UseParallelGC -XX:GCTimeRatio=4 -XX:AdaptiveSizePolicyWeight=90 -Dsun.zip.disableMemoryMapping=true -Xmx2G -Xms100m -Xlog:disable -javaagent:c:\Users\saefw\.vscode\extensions\redhat.java-1.54.0-win32-x64\lombok\lombok-1.18.39-4050.jar -XX:+HeapDumpOnOutOfMemoryError -XX:HeapDumpPath=c:\Users\saefw\AppData\Roaming\Code\User\workspaceStorage\63561169972180e5401700da4cb6a6d7\redhat.java -Daether.dependencyCollector.impl=bf c:\Users\saefw\.vscode\extensions\redhat.java-1.54.0-win32-x64\server\plugins\org.eclipse.equinox.launcher_1.7.100.v20251111-0406.jar -configuration c:\Users\saefw\AppData\Roaming\Code\User\globalStorage\redhat.java\1.54.0\config_win -data c:\Users\saefw\AppData\Roaming\Code\User\workspaceStorage\63561169972180e5401700da4cb6a6d7\redhat.java\jdt_ws --pipe=\\.\pipe\lsp-8788d729e4710c75945cc4fd94da5c51-sock

Host: AMD Ryzen 5 PRO 4650G with Radeon Graphics, 12 cores, 15G,  Windows 11 , 64 bit Build 26100 (10.0.26100.7920)
Time: Tue May  5 01:17:17 2026 Egypt Daylight Time elapsed time: 1.836419 seconds (0d 0h 0m 1s)

---------------  T H R E A D  ---------------

Current thread (0x0000021649746660):  JavaThread "C2 CompilerThread2" daemon [_thread_in_native, id=4312, stack(0x000000f50b300000,0x000000f50b400000) (1024K)]


Current CompileTask:
C2:1836 2122 %     4       org.eclipse.osgi.util.ManifestElement::readLine @ 0 (122 bytes)

Stack: [0x000000f50b300000,0x000000f50b400000]
Native frames: (J=compiled Java code, j=interpreted, Vv=VM code, C=native code)
V  [jvm.dll+0x6d7a39]
V  [jvm.dll+0x8b4b26]
V  [jvm.dll+0x8b70de]
V  [jvm.dll+0x8b77c3]
V  [jvm.dll+0x284346]
V  [jvm.dll+0xc66ed]
V  [jvm.dll+0xc6c31]
V  [jvm.dll+0x3bec3b]
V  [jvm.dll+0x1e3f69]
V  [jvm.dll+0x24c6b3]
V  [jvm.dll+0x24bb40]
V  [jvm.dll+0x1cb34e]
V  [jvm.dll+0x25b85d]
V  [jvm.dll+0x259dea]
V  [jvm.dll+0x3f857e]
V  [jvm.dll+0x85f59d]
V  [jvm.dll+0x6d626d]
C  [ucrtbase.dll+0x37b0]
C  [KERNEL32.DLL+0x2e8d7]
C  [ntdll.dll+0x8c48c]


---------------  P R O C E S S  ---------------

Threads class SMR info:
_java_thread_list=0x0000021649667170, length=17, elements={
0x000002166b29d470, 0x000002166b348c90, 0x000002166b3496f0, 0x000002166b34ca60,
0x000002166b34f560, 0x000002166b354830, 0x000002166b3588c0, 0x000002166b35e200,
0x000002167efb1f80, 0x000002167f1acab0, 0x000002167f2c24f0, 0x000002167f324f80,
0x0000021649746660, 0x00000216497e9240, 0x000002164989c530, 0x000002164986d6c0,
0x0000021649666750
}

Java Threads: ( => current thread )
  0x000002166b29d470 JavaThread "main"                              [_thread_blocked, id=20500, stack(0x000000f50a400000,0x000000f50a500000) (1024K)]
  0x000002166b348c90 JavaThread "Reference Handler"          daemon [_thread_blocked, id=10160, stack(0x000000f50a800000,0x000000f50a900000) (1024K)]
  0x000002166b3496f0 JavaThread "Finalizer"                  daemon [_thread_blocked, id=19472, stack(0x000000f50a900000,0x000000f50aa00000) (1024K)]
  0x000002166b34ca60 JavaThread "Signal Dispatcher"          daemon [_thread_blocked, id=21184, stack(0x000000f50aa00000,0x000000f50ab00000) (1024K)]
  0x000002166b34f560 JavaThread "Attach Listener"            daemon [_thread_blocked, id=7208, stack(0x000000f50ab00000,0x000000f50ac00000) (1024K)]
  0x000002166b354830 JavaThread "Service Thread"             daemon [_thread_blocked, id=14444, stack(0x000000f50ac00000,0x000000f50ad00000) (1024K)]
  0x000002166b3588c0 JavaThread "Monitor Deflation Thread"   daemon [_thread_blocked, id=18760, stack(0x000000f50ad00000,0x000000f50ae00000) (1024K)]
  0x000002166b35e200 JavaThread "C2 CompilerThread0"         daemon [_thread_blocked, id=21572, stack(0x000000f50ae00000,0x000000f50af00000) (1024K)]
  0x000002167efb1f80 JavaThread "C1 CompilerThread0"         daemon [_thread_blocked, id=20836, stack(0x000000f50af00000,0x000000f50b000000) (1024K)]
  0x000002167f1acab0 JavaThread "Common-Cleaner"             daemon [_thread_blocked, id=4432, stack(0x000000f50b000000,0x000000f50b100000) (1024K)]
  0x000002167f2c24f0 JavaThread "C2 CompilerThread1"         daemon [_thread_blocked, id=19668, stack(0x000000f50b100000,0x000000f50b200000) (1024K)]
  0x000002167f324f80 JavaThread "Notification Thread"        daemon [_thread_blocked, id=3300, stack(0x000000f50b200000,0x000000f50b300000) (1024K)]
=>0x0000021649746660 JavaThread "C2 CompilerThread2"         daemon [_thread_in_native, id=4312, stack(0x000000f50b300000,0x000000f50b400000) (1024K)]
  0x00000216497e9240 JavaThread "Active Thread: Equinox Container: 01684055-6690-4103-a391-630925718d80"        [_thread_blocked, id=22196, stack(0x000000f50ba00000,0x000000f50bb00000) (1024K)]
  0x000002164989c530 JavaThread "Refresh Thread: Equinox Container: 01684055-6690-4103-a391-630925718d80" daemon [_thread_blocked, id=3624, stack(0x000000f50bc00000,0x000000f50bd00000) (1024K)]
  0x000002164986d6c0 JavaThread "Framework Event Dispatcher: Equinox Container: 01684055-6690-4103-a391-630925718d80" daemon [_thread_blocked, id=18312, stack(0x000000f50bd00000,0x000000f50be00000) (1024K)]
  0x0000021649666750 JavaThread "Start Level: Equinox Container: 01684055-6690-4103-a391-630925718d80" daemon [_thread_in_Java, id=19260, stack(0x000000f50be00000,0x000000f50bf00000) (1024K)]
Total: 17

Other Threads:
  0x000002166b2340c0 VMThread "VM Thread"                           [id=19792, stack(0x000000f50a700000,0x000000f50a800000) (1024K)]
  0x000002166b12ca00 WatcherThread "VM Periodic Task Thread"        [id=21360, stack(0x000000f50a600000,0x000000f50a700000) (1024K)]
  0x000002166b2bb650 WorkerThread "GC Thread#0"                     [id=19664, stack(0x000000f50a500000,0x000000f50a600000) (1024K)]
  0x000002164975f8f0 WorkerThread "GC Thread#1"                     [id=8968, stack(0x000000f50b400000,0x000000f50b500000) (1024K)]
  0x000002164970cd60 WorkerThread "GC Thread#2"                     [id=10380, stack(0x000000f50b500000,0x000000f50b600000) (1024K)]
  0x000002164970d110 WorkerThread "GC Thread#3"                     [id=21288, stack(0x000000f50b600000,0x000000f50b700000) (1024K)]
  0x000002164970d4c0 WorkerThread "GC Thread#4"                     [id=13776, stack(0x000000f50b700000,0x000000f50b800000) (1024K)]
  0x00000216497386f0 WorkerThread "GC Thread#5"                     [id=10340, stack(0x000000f50b800000,0x000000f50b900000) (1024K)]
  0x0000021649738eb0 WorkerThread "GC Thread#6"                     [id=2452, stack(0x000000f50b900000,0x000000f50ba00000) (1024K)]
  0x00000216498a7290 WorkerThread "GC Thread#7"                     [id=1996, stack(0x000000f50bb00000,0x000000f50bc00000) (1024K)]
Total: 10

Threads with active compile tasks:
C2 CompilerThread2  1858 2122 %     4       org.eclipse.osgi.util.ManifestElement::readLine @ 0 (122 bytes)
Total: 1

VM state: not at safepoint (normal execution)

VM Mutex/Monitor currently owned by a thread: None

Heap address: 0x0000000080000000, size: 2048 MB, Compressed Oops mode: 32-bit

CDS archive(s) mapped at: [0x0000021604000000-0x0000021604ba0000-0x0000021604ba0000), size 12189696, SharedBaseAddress: 0x0000021604000000, ArchiveRelocationMode: 1.
Compressed class space mapped at: 0x0000021605000000-0x0000021645000000, reserved size: 1073741824
Narrow klass base: 0x0000021604000000, Narrow klass shift: 0, Narrow klass range: 0x100000000

GC Precious Log:
 CardTable entry size: 512
 CPUs: 12 total, 12 available
 Memory: 16174M
 Large Page Support: Disabled
 NUMA Support: Disabled
 Compressed Oops: Enabled (32-bit)
 Alignments: Space 512K, Generation 512K, Heap 2M
 Heap Min Capacity: 100M
 Heap Initial Capacity: 100M
 Heap Max Capacity: 2G
 Pre-touch: Disabled
 Parallel Workers: 10

Heap:
 PSYoungGen      total 29696K, used 28363K [0x00000000d5580000, 0x00000000d7680000, 0x0000000100000000)
  eden space 25600K, 94% used [0x00000000d5580000,0x00000000d6d393e0,0x00000000d6e80000)
  from space 4096K, 99% used [0x00000000d7280000,0x00000000d7679820,0x00000000d7680000)
  to   space 4096K, 0% used [0x00000000d6e80000,0x00000000d6e80000,0x00000000d7280000)
 ParOldGen       total 68608K, used 2057K [0x0000000080000000, 0x0000000084300000, 0x00000000d5580000)
  object space 68608K, 2% used [0x0000000080000000,0x0000000080202648,0x0000000084300000)
 Metaspace       used 9438K, committed 9728K, reserved 1114112K
  class space    used 1010K, committed 1152K, reserved 1048576K

Card table byte_map: [0x000002166ac40000,0x000002166b050000] _byte_map_base: 0x000002166a840000

Marking Bits: (ParMarkBitMap*) 0x00007ffab07b3450
 Begin Bits: [0x0000021600000000, 0x0000021602000000)
 End Bits:   [0x0000021602000000, 0x0000021604000000)

Polling page: 0x0000021669070000

Metaspace:

Usage:
  Non-class:      8.23 MB used.
      Class:   1010.91 KB used.
       Both:      9.22 MB used.

Virtual space:
  Non-class space:       64.00 MB reserved,       8.38 MB ( 13%) committed,  1 nodes.
      Class space:        1.00 GB reserved,       1.12 MB ( <1%) committed,  1 nodes.
             Both:        1.06 GB reserved,       9.50 MB ( <1%) committed. 

Chunk freelists:
   Non-Class:  6.89 MB
       Class:  14.79 MB
        Both:  21.68 MB

MaxMetaspaceSize: unlimited
CompressedClassSpaceSize: 1.00 GB
Initial GC threshold: 21.00 MB
Current GC threshold: 21.00 MB
CDS: on
 - commit_granule_bytes: 65536.
 - commit_granule_words: 8192.
 - virtual_space_node_default_size: 8388608.
 - enlarge_chunks_in_place: 1.
 - use_allocation_guard: 0.


Internal statistics:

num_allocs_failed_limit: 0.
num_arena_births: 258.
num_arena_deaths: 0.
num_vsnodes_births: 2.
num_vsnodes_deaths: 0.
num_space_committed: 152.
num_space_uncommitted: 0.
num_chunks_returned_to_freelist: 0.
num_chunks_taken_from_freelist: 511.
num_chunk_merges: 0.
num_chunk_splits: 325.
num_chunks_enlarged: 211.
num_inconsistent_stats: 0.

CodeHeap 'non-profiled nmethods': size=120000Kb used=988Kb max_used=988Kb free=119011Kb
 bounds [0x0000021675f70000, 0x00000216761e0000, 0x000002167d4a0000]
CodeHeap 'profiled nmethods': size=120000Kb used=3918Kb max_used=3918Kb free=116081Kb
 bounds [0x000002166e4a0000, 0x000002166e880000, 0x00000216759d0000]
CodeHeap 'non-nmethods': size=5760Kb used=1234Kb max_used=1271Kb free=4526Kb
 bounds [0x00000216759d0000, 0x0000021675c40000, 0x0000021675f70000]
CodeCache: size=245760Kb, used=6140Kb, max_used=6177Kb, free=239618Kb
 total_blobs=2679, nmethods=2182, adapters=402, full_count=0
Compilation: enabled, stopped_count=0, restarted_count=0

Compilation events (20 events):
Event: 1.826 Thread 0x000002166b35e200 2156       4       java.lang.String::lastIndexOf (12 bytes)
Event: 1.826 Thread 0x000002167efb1f80 2157       3       java.util.ArrayList$SubList::size (9 bytes)
Event: 1.826 Thread 0x000002167efb1f80 nmethod 2157 0x000002166e86a690 code [0x000002166e86a860, 0x000002166e86aae8]
Event: 1.826 Thread 0x000002167efb1f80 2158       1       org.eclipse.osgi.storage.bundlefile.BundleFile::getBaseFile (5 bytes)
Event: 1.826 Thread 0x000002167efb1f80 nmethod 2158 0x0000021676062e10 code [0x0000021676062fa0, 0x0000021676063068]
Event: 1.827 Thread 0x000002167efb1f80 2159       3       java.util.LinkedHashMap::getOrDefault (29 bytes)
Event: 1.827 Thread 0x000002167efb1f80 nmethod 2159 0x000002166e86ac10 code [0x000002166e86ade0, 0x000002166e86b028]
Event: 1.828 Thread 0x000002166b35e200 nmethod 2156 0x0000021676063110 code [0x00000216760632a0, 0x00000216760634b8]
Event: 1.828 Thread 0x000002167efb1f80 2160       3       java.util.Collections$UnmodifiableCollection::isEmpty (10 bytes)
Event: 1.829 Thread 0x000002167efb1f80 nmethod 2160 0x000002166e86b110 code [0x000002166e86b2c0, 0x000002166e86b498]
Event: 1.829 Thread 0x000002167f2c24f0 2161 %     4       java.util.Properties$LineReader::readLine @ 293 (584 bytes)
Event: 1.831 Thread 0x000002167efb1f80 2162       1       java.util.stream.Sink::cancellationRequested (2 bytes)
Event: 1.831 Thread 0x000002167efb1f80 nmethod 2162 0x0000021676063610 code [0x00000216760637a0, 0x0000021676063868]
Event: 1.832 Thread 0x000002166b35e200 2163       4       java.util.concurrent.locks.AbstractQueuedSynchronizer::signalNext (34 bytes)
Event: 1.833 Thread 0x000002167efb1f80 2164       3       java.nio.charset.CoderResult::isUnderflow (13 bytes)
Event: 1.833 Thread 0x000002166b35e200 nmethod 2163 0x0000021676063910 code [0x0000021676063aa0, 0x0000021676063b80]
Event: 1.833 Thread 0x000002167efb1f80 nmethod 2164 0x000002166e86b590 code [0x000002166e86b720, 0x000002166e86b880]
Event: 1.833 Thread 0x000002167efb1f80 2165       3       org.eclipse.osgi.framework.util.CaseInsensitiveDictionaryMap$CaseInsensitiveKey::equals (31 bytes)
Event: 1.833 Thread 0x000002167efb1f80 nmethod 2165 0x000002166e86b910 code [0x000002166e86bae0, 0x000002166e86bed0]
Event: 1.834 Thread 0x000002166b35e200 2166       4       java.util.concurrent.locks.ReentrantLock$Sync::tryRelease (51 bytes)

GC Heap History (4 events):
Event: 0.819 GC heap before
{Heap before GC invocations=1 (full 0):
 PSYoungGen      total 29696K, used 25600K [0x00000000d5580000, 0x00000000d7680000, 0x0000000100000000)
  eden space 25600K, 100% used [0x00000000d5580000,0x00000000d6e80000,0x00000000d6e80000)
  from space 4096K, 0% used [0x00000000d7280000,0x00000000d7280000,0x00000000d7680000)
  to   space 4096K, 0% used [0x00000000d6e80000,0x00000000d6e80000,0x00000000d7280000)
 ParOldGen       total 68608K, used 0K [0x0000000080000000, 0x0000000084300000, 0x00000000d5580000)
  object space 68608K, 0% used [0x0000000080000000,0x0000000080000000,0x0000000084300000)
 Metaspace       used 4337K, committed 4608K, reserved 1114112K
  class space    used 473K, committed 576K, reserved 1048576K
}
Event: 0.823 GC heap after
{Heap after GC invocations=1 (full 0):
 PSYoungGen      total 29696K, used 3312K [0x00000000d5580000, 0x00000000d7680000, 0x0000000100000000)
  eden space 25600K, 0% used [0x00000000d5580000,0x00000000d5580000,0x00000000d6e80000)
  from space 4096K, 80% used [0x00000000d6e80000,0x00000000d71bc148,0x00000000d7280000)
  to   space 4096K, 0% used [0x00000000d7280000,0x00000000d7280000,0x00000000d7680000)
 ParOldGen       total 68608K, used 16K [0x0000000080000000, 0x0000000084300000, 0x00000000d5580000)
  object space 68608K, 0% used [0x0000000080000000,0x0000000080004000,0x0000000084300000)
 Metaspace       used 4337K, committed 4608K, reserved 1114112K
  class space    used 473K, committed 576K, reserved 1048576K
}
Event: 1.475 GC heap before
{Heap before GC invocations=2 (full 0):
 PSYoungGen      total 29696K, used 28912K [0x00000000d5580000, 0x00000000d7680000, 0x0000000100000000)
  eden space 25600K, 100% used [0x00000000d5580000,0x00000000d6e80000,0x00000000d6e80000)
  from space 4096K, 80% used [0x00000000d6e80000,0x00000000d71bc148,0x00000000d7280000)
  to   space 4096K, 0% used [0x00000000d7280000,0x00000000d7280000,0x00000000d7680000)
 ParOldGen       total 68608K, used 16K [0x0000000080000000, 0x0000000084300000, 0x00000000d5580000)
  object space 68608K, 0% used [0x0000000080000000,0x0000000080004000,0x0000000084300000)
 Metaspace       used 7977K, committed 8256K, reserved 1114112K
  class space    used 831K, committed 960K, reserved 1048576K
}
Event: 1.482 GC heap after
{Heap after GC invocations=2 (full 0):
 PSYoungGen      total 29696K, used 4070K [0x00000000d5580000, 0x00000000d7680000, 0x0000000100000000)
  eden space 25600K, 0% used [0x00000000d5580000,0x00000000d5580000,0x00000000d6e80000)
  from space 4096K, 99% used [0x00000000d7280000,0x00000000d7679820,0x00000000d7680000)
  to   space 4096K, 0% used [0x00000000d6e80000,0x00000000d6e80000,0x00000000d7280000)
 ParOldGen       total 68608K, used 2057K [0x0000000080000000, 0x0000000084300000, 0x00000000d5580000)
  object space 68608K, 2% used [0x0000000080000000,0x0000000080202648,0x0000000084300000)
 Metaspace       used 7977K, committed 8256K, reserved 1114112K
  class space    used 831K, committed 960K, reserved 1048576K
}

Dll operation events (9 events):
Event: 0.012 Loaded shared library c:\Users\saefw\.vscode\extensions\redhat.java-1.54.0-win32-x64\jre\21.0.10-win32-x86_64\bin\java.dll
Event: 0.074 Loaded shared library c:\Users\saefw\.vscode\extensions\redhat.java-1.54.0-win32-x64\jre\21.0.10-win32-x86_64\bin\zip.dll
Event: 0.094 Loaded shared library C:\Users\saefw\.vscode\extensions\redhat.java-1.54.0-win32-x64\jre\21.0.10-win32-x86_64\bin\instrument.dll
Event: 0.099 Loaded shared library C:\Users\saefw\.vscode\extensions\redhat.java-1.54.0-win32-x64\jre\21.0.10-win32-x86_64\bin\net.dll
Event: 0.102 Loaded shared library C:\Users\saefw\.vscode\extensions\redhat.java-1.54.0-win32-x64\jre\21.0.10-win32-x86_64\bin\nio.dll
Event: 0.106 Loaded shared library C:\Users\saefw\.vscode\extensions\redhat.java-1.54.0-win32-x64\jre\21.0.10-win32-x86_64\bin\zip.dll
Event: 0.124 Loaded shared library C:\Users\saefw\.vscode\extensions\redhat.java-1.54.0-win32-x64\jre\21.0.10-win32-x86_64\bin\jimage.dll
Event: 0.254 Loaded shared library c:\Users\saefw\.vscode\extensions\redhat.java-1.54.0-win32-x64\jre\21.0.10-win32-x86_64\bin\verify.dll
Event: 1.498 Loaded shared library C:\Users\saefw\AppData\Roaming\Code\User\globalStorage\redhat.java\1.54.0\config_win\org.eclipse.equinox.launcher\org.eclipse.equinox.launcher.win32.win32.x86_64_1.3.0.v20260203-2149\eclipse_11919.dll

Deoptimization events (20 events):
Event: 1.786 Thread 0x0000021649666750 Uncommon trap: trap_request=0xffffff45 fr.pc=0x000002167604d7d8 relative=0x0000000000000698
Event: 1.786 Thread 0x0000021649666750 Uncommon trap: reason=unstable_if action=reinterpret pc=0x000002167604d7d8 method=java.util.regex.Matcher.search(I)Z @ 30 c2
Event: 1.786 Thread 0x0000021649666750 DEOPT PACKING pc=0x000002167604d7d8 sp=0x000000f50befde10
Event: 1.786 Thread 0x0000021649666750 DEOPT UNPACKING pc=0x0000021675a23aa2 sp=0x000000f50befddf0 mode 2
Event: 1.786 Thread 0x0000021649666750 Uncommon trap: trap_request=0xffffffde fr.pc=0x000002167604c5e4 relative=0x0000000000000304
Event: 1.786 Thread 0x0000021649666750 Uncommon trap: reason=class_check action=maybe_recompile pc=0x000002167604c5e4 method=java.util.regex.Pattern$BmpCharPropertyGreedy.match(Ljava/util/regex/Matcher;ILjava/lang/CharSequence;)Z @ 26 c2
Event: 1.786 Thread 0x0000021649666750 DEOPT PACKING pc=0x000002167604c5e4 sp=0x000000f50befdaf0
Event: 1.786 Thread 0x0000021649666750 DEOPT UNPACKING pc=0x0000021675a23aa2 sp=0x000000f50befdaa8 mode 2
Event: 1.786 Thread 0x0000021649666750 Uncommon trap: trap_request=0xffffffde fr.pc=0x000002167604c5e4 relative=0x0000000000000304
Event: 1.786 Thread 0x0000021649666750 Uncommon trap: reason=class_check action=maybe_recompile pc=0x000002167604c5e4 method=java.util.regex.Pattern$BmpCharPropertyGreedy.match(Ljava/util/regex/Matcher;ILjava/lang/CharSequence;)Z @ 26 c2
Event: 1.786 Thread 0x0000021649666750 DEOPT PACKING pc=0x000002167604c5e4 sp=0x000000f50befd9f0
Event: 1.786 Thread 0x0000021649666750 DEOPT UNPACKING pc=0x0000021675a23aa2 sp=0x000000f50befd988 mode 2
Event: 1.786 Thread 0x0000021649666750 Uncommon trap: trap_request=0xffffffde fr.pc=0x000002167604c5e4 relative=0x0000000000000304
Event: 1.786 Thread 0x0000021649666750 Uncommon trap: reason=class_check action=maybe_recompile pc=0x000002167604c5e4 method=java.util.regex.Pattern$BmpCharPropertyGreedy.match(Ljava/util/regex/Matcher;ILjava/lang/CharSequence;)Z @ 26 c2
Event: 1.786 Thread 0x0000021649666750 DEOPT PACKING pc=0x000002167604c5e4 sp=0x000000f50befdaf0
Event: 1.786 Thread 0x0000021649666750 DEOPT UNPACKING pc=0x0000021675a23aa2 sp=0x000000f50befdaa8 mode 2
Event: 1.786 Thread 0x0000021649666750 Uncommon trap: trap_request=0xffffffde fr.pc=0x000002167604c5e4 relative=0x0000000000000304
Event: 1.786 Thread 0x0000021649666750 Uncommon trap: reason=class_check action=maybe_recompile pc=0x000002167604c5e4 method=java.util.regex.Pattern$BmpCharPropertyGreedy.match(Ljava/util/regex/Matcher;ILjava/lang/CharSequence;)Z @ 26 c2
Event: 1.786 Thread 0x0000021649666750 DEOPT PACKING pc=0x000002167604c5e4 sp=0x000000f50befd9f0
Event: 1.786 Thread 0x0000021649666750 DEOPT UNPACKING pc=0x0000021675a23aa2 sp=0x000000f50befd988 mode 2

Classes loaded (20 events):
Event: 1.643 Loading class sun/util/logging/resources/logging_en
Event: 1.643 Loading class sun/util/logging/resources/logging_en done
Event: 1.643 Loading class sun/util/logging/resources/logging_en
Event: 1.643 Loading class sun/util/logging/resources/logging_en done
Event: 1.644 Loading class sun/util/logging/resources/logging_en_US
Event: 1.644 Loading class sun/util/logging/resources/logging_en_US done
Event: 1.644 Loading class sun/util/logging/resources/logging_en_US
Event: 1.644 Loading class sun/util/logging/resources/logging_en_US done
Event: 1.645 Loading class java/util/Formatter$DateTime
Event: 1.645 Loading class java/util/Formatter$DateTime done
Event: 1.645 Loading class java/util/Formatter$FixedString
Event: 1.646 Loading class java/util/Formatter$FixedString done
Event: 1.646 Loading class java/time/ZonedDateTime$1
Event: 1.646 Loading class java/time/ZonedDateTime$1 done
Event: 1.649 Loading class jdk/internal/module/ModulePatcher$PatchedModuleReader
Event: 1.649 Loading class jdk/internal/module/ModulePatcher$PatchedModuleReader done
Event: 1.654 Loading class sun/text/resources/cldr/FormatData_en
Event: 1.655 Loading class sun/text/resources/cldr/FormatData_en done
Event: 1.655 Loading class sun/text/resources/cldr/FormatData_en_US
Event: 1.655 Loading class sun/text/resources/cldr/FormatData_en_US done

Classes unloaded (0 events):
No events

Classes redefined (0 events):
No events

Internal exceptions (20 events):
Event: 0.853 Thread 0x000002166b29d470 Implicit null exception at 0x0000021675fd001a to 0x0000021675fd0220
Event: 0.853 Thread 0x000002166b29d470 Exception <a 'java/lang/NoSuchMethodError'{0x00000000d573b200}: 'void java.lang.invoke.DirectMethodHandle$Holder.invokeStatic(java.lang.Object, java.lang.Object, java.lang.Object, java.lang.Object)'> (0x00000000d573b200) 
thrown [s\src\hotspot\share\interpreter\linkResolver.cpp, line 773]
Event: 0.854 Thread 0x000002166b29d470 Implicit null exception at 0x0000021675fd4e9a to 0x0000021675fd50a4
Event: 0.854 Thread 0x000002166b29d470 Implicit null exception at 0x0000021675fce33d to 0x0000021675fce3c1
Event: 0.951 Thread 0x000002166b29d470 Exception <a 'java/lang/NoSuchMethodError'{0x00000000d59e2a20}: 'void java.lang.invoke.DirectMethodHandle$Holder.invokeSpecial(java.lang.Object, java.lang.Object, java.lang.Object)'> (0x00000000d59e2a20) 
thrown [s\src\hotspot\share\interpreter\linkResolver.cpp, line 773]
Event: 1.168 Thread 0x000002166b29d470 Exception <a 'java/lang/NoSuchMethodError'{0x00000000d6451a98}: 'int java.lang.invoke.DirectMethodHandle$Holder.invokeVirtual(java.lang.Object, java.lang.Object)'> (0x00000000d6451a98) 
thrown [s\src\hotspot\share\interpreter\linkResolver.cpp, line 773]
Event: 1.203 Thread 0x000002166b29d470 Exception <a 'java/lang/NoSuchMethodError'{0x00000000d65c7dd8}: 'int java.lang.invoke.DirectMethodHandle$Holder.invokeStaticInit(java.lang.Object, java.lang.Object, java.lang.Object, java.lang.Object)'> (0x00000000d65c7dd8) 
thrown [s\src\hotspot\share\interpreter\linkResolver.cpp, line 773]
Event: 1.204 Thread 0x000002166b29d470 Exception <a 'java/lang/IncompatibleClassChangeError'{0x00000000d65d01e0}: Found class java.lang.Object, but interface was expected> (0x00000000d65d01e0) 
thrown [s\src\hotspot\share\interpreter\linkResolver.cpp, line 840]
Event: 1.204 Thread 0x000002166b29d470 Exception <a 'java/lang/NoSuchMethodError'{0x00000000d65d69f0}: 'void java.lang.invoke.DirectMethodHandle$Holder.invokeStaticInit(java.lang.Object, java.lang.Object)'> (0x00000000d65d69f0) 
thrown [s\src\hotspot\share\interpreter\linkResolver.cpp, line 773]
Event: 1.205 Thread 0x000002166b29d470 Exception <a 'java/lang/NoSuchMethodError'{0x00000000d65dfd68}: 'int java.lang.invoke.DirectMethodHandle$Holder.invokeStaticInit(java.lang.Object, java.lang.Object)'> (0x00000000d65dfd68) 
thrown [s\src\hotspot\share\interpreter\linkResolver.cpp, line 773]
Event: 1.255 Thread 0x000002166b29d470 Exception <a 'java/lang/NoSuchMethodError'{0x00000000d6826ed0}: 'java.lang.Object java.lang.invoke.DirectMethodHandle$Holder.newInvokeSpecial(java.lang.Object, int, java.lang.Object)'> (0x00000000d6826ed0) 
thrown [s\src\hotspot\share\interpreter\linkResolver.cpp, line 773]
Event: 1.284 Thread 0x000002166b29d470 Exception <a 'java/lang/ClassNotFoundException'{0x00000000d6a3e1a0}: sun/net/www/protocol/plurl/Handler> (0x00000000d6a3e1a0) 
thrown [s\src\hotspot\share\classfile\systemDictionary.cpp, line 312]
Event: 1.284 Thread 0x000002166b29d470 Exception <a 'java/lang/ClassNotFoundException'{0x00000000d6a3f020}: sun/net/www/protocol/plurl/Handler> (0x00000000d6a3f020) 
thrown [s\src\hotspot\share\classfile\systemDictionary.cpp, line 312]
Event: 1.495 Thread 0x000002166b29d470 Exception <a 'java/lang/UnsatisfiedLinkError'{0x00000000d55d9980}: 'void org.eclipse.equinox.launcher.JNIBridge._update_splash()'> (0x00000000d55d9980) 
thrown [s\src\hotspot\share\prims\nativeLookup.cpp, line 415]
Event: 1.526 Thread 0x000002164989c530 Exception <a 'java/lang/NoSuchMethodError'{0x00000000d5867a38}: 'void java.lang.invoke.DirectMethodHandle$Holder.invokeInterface(java.lang.Object, java.lang.Object, java.lang.Object)'> (0x00000000d5867a38) 
thrown [s\src\hotspot\share\interpreter\linkResolver.cpp, line 773]
Event: 1.605 Thread 0x0000021649666750 Exception <a 'java/lang/NoSuchMethodError'{0x00000000d5c4e080}: 'java.lang.Object java.lang.invoke.DirectMethodHandle$Holder.newInvokeSpecial(java.lang.Object, java.lang.Object, int, java.lang.Object)'> (0x00000000d5c4e080) 
thrown [s\src\hotspot\share\interpreter\linkResolver.cpp, line 773]
Event: 1.606 Thread 0x0000021649666750 Exception <a 'java/lang/NoSuchMethodError'{0x00000000d5c51eb0}: 'java.lang.Object java.lang.invoke.DirectMethodHandle$Holder.invokeSpecial(java.lang.Object, java.lang.Object, java.lang.Object, int, java.lang.Object)'> (0x00000000d5c51eb0) 
thrown [s\src\hotspot\share\interpreter\linkResolver.cpp, line 773]
Event: 1.619 Thread 0x0000021649666750 Exception <a 'java/lang/NoClassDefFoundError'{0x00000000d5cf8900}: jakarta/servlet/ServletContainerInitializer> (0x00000000d5cf8900) 
thrown [s\src\hotspot\share\classfile\systemDictionary.cpp, line 301]
Event: 1.636 Thread 0x0000021649666750 Exception <a 'java/lang/NoSuchMethodError'{0x00000000d5e2fa58}: 'java.lang.Object java.lang.invoke.DirectMethodHandle$Holder.invokeStatic(java.lang.Object, int, java.lang.Object)'> (0x00000000d5e2fa58) 
thrown [s\src\hotspot\share\interpreter\linkResolver.cpp, line 773]
Event: 1.642 Thread 0x0000021649666750 Exception <a 'java/lang/ClassNotFoundException'{0x00000000d5e8b218}: sun/util/logging/resources/spi/loggingProvider> (0x00000000d5e8b218) 
thrown [s\src\hotspot\share\classfile\systemDictionary.cpp, line 312]

ZGC Phase Switch (0 events):
No events

VM Operations (20 events):
Event: 0.819 Executing safepoint VM operation: ParallelGCFailedAllocation (Allocation Failure)
Event: 0.823 Executing safepoint VM operation: ParallelGCFailedAllocation (Allocation Failure) done
Event: 1.234 Executing non-safepoint VM operation: HandshakeAllThreads (Deoptimize)
Event: 1.234 Executing non-safepoint VM operation: HandshakeAllThreads (Deoptimize) done
Event: 1.243 Executing non-safepoint VM operation: HandshakeAllThreads (Deoptimize)
Event: 1.243 Executing non-safepoint VM operation: HandshakeAllThreads (Deoptimize) done
Event: 1.274 Executing non-safepoint VM operation: HandshakeAllThreads (Deoptimize)
Event: 1.274 Executing non-safepoint VM operation: HandshakeAllThreads (Deoptimize) done
Event: 1.281 Executing non-safepoint VM operation: HandshakeAllThreads (Deoptimize)
Event: 1.281 Executing non-safepoint VM operation: HandshakeAllThreads (Deoptimize) done
Event: 1.475 Executing safepoint VM operation: ParallelGCFailedAllocation (Allocation Failure)
Event: 1.482 Executing safepoint VM operation: ParallelGCFailedAllocation (Allocation Failure) done
Event: 1.631 Executing non-safepoint VM operation: HandshakeAllThreads (Deoptimize)
Event: 1.631 Executing non-safepoint VM operation: HandshakeAllThreads (Deoptimize) done
Event: 1.649 Executing non-safepoint VM operation: HandshakeAllThreads (Deoptimize)
Event: 1.649 Executing non-safepoint VM operation: HandshakeAllThreads (Deoptimize) done
Event: 1.657 Executing non-safepoint VM operation: HandshakeAllThreads (Deoptimize)
Event: 1.658 Executing non-safepoint VM operation: HandshakeAllThreads (Deoptimize) done
Event: 1.665 Executing non-safepoint VM operation: HandshakeAllThreads (Deoptimize)
Event: 1.665 Executing non-safepoint VM operation: HandshakeAllThreads (Deoptimize) done

Memory protections (0 events):
No events

Nmethod flushes (0 events):
No events

Events (19 events):
Event: 0.026 Thread 0x000002166b29d470 Thread added: 0x000002166b29d470
Event: 0.042 Thread 0x000002166b29d470 Thread added: 0x000002166b348c90
Event: 0.043 Thread 0x000002166b29d470 Thread added: 0x000002166b3496f0
Event: 0.043 Thread 0x000002166b29d470 Thread added: 0x000002166b34ca60
Event: 0.043 Thread 0x000002166b29d470 Thread added: 0x000002166b34f560
Event: 0.043 Thread 0x000002166b29d470 Thread added: 0x000002166b354830
Event: 0.043 Thread 0x000002166b29d470 Thread added: 0x000002166b3588c0
Event: 0.043 Thread 0x000002166b29d470 Thread added: 0x000002166b35e200
Event: 0.043 Thread 0x000002166b29d470 Thread added: 0x000002167efb1f80
Event: 0.095 Thread 0x000002166b29d470 Thread added: 0x000002167f1acab0
Event: 0.240 Thread 0x000002167efb1f80 Thread added: 0x000002167f2c24f0
Event: 0.337 Thread 0x000002166b29d470 Thread added: 0x000002167f324f80
Event: 0.400 Thread 0x000002166b35e200 Thread added: 0x000002164915e010
Event: 0.923 Thread 0x000002164915e010 Thread exited: 0x000002164915e010
Event: 0.989 Thread 0x000002167efb1f80 Thread added: 0x0000021649746660
Event: 1.211 Thread 0x000002166b29d470 Thread added: 0x00000216497e9240
Event: 1.493 Thread 0x000002166b29d470 Thread added: 0x000002164989c530
Event: 1.528 Thread 0x000002164989c530 Thread added: 0x000002164986d6c0
Event: 1.532 Thread 0x000002166b29d470 Thread added: 0x0000021649666750


Dynamic libraries:
0x00007ff67cd30000 - 0x00007ff67cd3e000 	c:\Users\saefw\.vscode\extensions\redhat.java-1.54.0-win32-x64\jre\21.0.10-win32-x86_64\bin\java.exe
0x00007ffb58840000 - 0x00007ffb58aa7000 	C:\WINDOWS\SYSTEM32\ntdll.dll
0x00007ffb56660000 - 0x00007ffb56729000 	C:\WINDOWS\System32\KERNEL32.DLL
0x00007ffb55f30000 - 0x00007ffb56321000 	C:\WINDOWS\System32\KERNELBASE.dll
0x00007ffb56330000 - 0x00007ffb5647b000 	C:\WINDOWS\System32\ucrtbase.dll
0x00007ffb50c30000 - 0x00007ffb50c48000 	c:\Users\saefw\.vscode\extensions\redhat.java-1.54.0-win32-x64\jre\21.0.10-win32-x86_64\bin\jli.dll
0x00007ffb50c50000 - 0x00007ffb50c6e000 	c:\Users\saefw\.vscode\extensions\redhat.java-1.54.0-win32-x64\jre\21.0.10-win32-x86_64\bin\VCRUNTIME140.dll
0x00007ffb58000000 - 0x00007ffb581c5000 	C:\WINDOWS\System32\USER32.dll
0x00007ffb3daa0000 - 0x00007ffb3dd33000 	C:\WINDOWS\WinSxS\amd64_microsoft.windows.common-controls_6595b64144ccf1df_6.0.26100.8037_none_3e092faae333b53b\COMCTL32.dll
0x00007ffb565b0000 - 0x00007ffb565d7000 	C:\WINDOWS\System32\win32u.dll
0x00007ffb581e0000 - 0x00007ffb58289000 	C:\WINDOWS\System32\msvcrt.dll
0x00007ffb58760000 - 0x00007ffb5878b000 	C:\WINDOWS\System32\GDI32.dll
0x00007ffb56480000 - 0x00007ffb565ab000 	C:\WINDOWS\System32\gdi32full.dll
0x00007ffb55a20000 - 0x00007ffb55ac3000 	C:\WINDOWS\System32\msvcp_win.dll
0x00007ffb56890000 - 0x00007ffb568c1000 	C:\WINDOWS\System32\IMM32.DLL
0x00007ffb50c00000 - 0x00007ffb50c0c000 	c:\Users\saefw\.vscode\extensions\redhat.java-1.54.0-win32-x64\jre\21.0.10-win32-x86_64\bin\vcruntime140_1.dll
0x00007ffaff2b0000 - 0x00007ffaff33d000 	c:\Users\saefw\.vscode\extensions\redhat.java-1.54.0-win32-x64\jre\21.0.10-win32-x86_64\bin\msvcp140.dll
0x00007ffaafaf0000 - 0x00007ffab0891000 	c:\Users\saefw\.vscode\extensions\redhat.java-1.54.0-win32-x64\jre\21.0.10-win32-x86_64\bin\server\jvm.dll
0x00007ffb58290000 - 0x00007ffb5834b000 	C:\WINDOWS\System32\ADVAPI32.dll
0x00007ffb57330000 - 0x00007ffb573d7000 	C:\WINDOWS\System32\sechost.dll
0x00007ffb56d70000 - 0x00007ffb56e88000 	C:\WINDOWS\System32\RPCRT4.dll
0x00007ffb57430000 - 0x00007ffb574a4000 	C:\WINDOWS\System32\WS2_32.dll
0x00007ffb54dd0000 - 0x00007ffb54e2e000 	C:\WINDOWS\SYSTEM32\POWRPROF.dll
0x00007ffb499d0000 - 0x00007ffb49a05000 	C:\WINDOWS\SYSTEM32\WINMM.dll
0x00007ffb4f170000 - 0x00007ffb4f17b000 	C:\WINDOWS\SYSTEM32\VERSION.dll
0x00007ffb54db0000 - 0x00007ffb54dc4000 	C:\WINDOWS\SYSTEM32\UMPDC.dll
0x00007ffb53eb0000 - 0x00007ffb53ecb000 	C:\WINDOWS\SYSTEM32\kernel.appcore.dll
0x00007ffb50c20000 - 0x00007ffb50c2a000 	c:\Users\saefw\.vscode\extensions\redhat.java-1.54.0-win32-x64\jre\21.0.10-win32-x86_64\bin\jimage.dll
0x00007ffb48c50000 - 0x00007ffb48e92000 	C:\WINDOWS\SYSTEM32\DBGHELP.DLL
0x00007ffb56e90000 - 0x00007ffb57212000 	C:\WINDOWS\System32\combase.dll
0x00007ffb57f00000 - 0x00007ffb57fd7000 	C:\WINDOWS\System32\OLEAUT32.dll
0x00007ffb36f70000 - 0x00007ffb36fab000 	C:\WINDOWS\SYSTEM32\dbgcore.DLL
0x00007ffb55e80000 - 0x00007ffb55f25000 	C:\WINDOWS\System32\bcryptPrimitives.dll
0x00007ffb50c10000 - 0x00007ffb50c1f000 	c:\Users\saefw\.vscode\extensions\redhat.java-1.54.0-win32-x64\jre\21.0.10-win32-x86_64\bin\instrument.dll
0x00007ffb3ec80000 - 0x00007ffb3eca0000 	c:\Users\saefw\.vscode\extensions\redhat.java-1.54.0-win32-x64\jre\21.0.10-win32-x86_64\bin\java.dll
0x00007ffb57790000 - 0x00007ffb57eef000 	C:\WINDOWS\System32\SHELL32.dll
0x00007ffb55d10000 - 0x00007ffb55e7a000 	C:\WINDOWS\System32\wintypes.dll
0x00007ffb55120000 - 0x00007ffb55984000 	C:\WINDOWS\System32\windows.storage.dll
0x00007ffb574b0000 - 0x00007ffb575a7000 	C:\WINDOWS\System32\SHCORE.dll
0x00007ffb58790000 - 0x00007ffb587f7000 	C:\WINDOWS\System32\shlwapi.dll
0x00007ffb55040000 - 0x00007ffb55069000 	C:\WINDOWS\SYSTEM32\profapi.dll
0x00007ffb3ebb0000 - 0x00007ffb3ebc8000 	c:\Users\saefw\.vscode\extensions\redhat.java-1.54.0-win32-x64\jre\21.0.10-win32-x86_64\bin\zip.dll
0x00007ffb50bf0000 - 0x00007ffb50c00000 	C:\Users\saefw\.vscode\extensions\redhat.java-1.54.0-win32-x64\jre\21.0.10-win32-x86_64\bin\net.dll
0x00007ffb4f500000 - 0x00007ffb4f627000 	C:\WINDOWS\SYSTEM32\WINHTTP.dll
0x00007ffb54420000 - 0x00007ffb5448b000 	C:\WINDOWS\system32\mswsock.dll
0x00007ffb3eb50000 - 0x00007ffb3eb66000 	C:\Users\saefw\.vscode\extensions\redhat.java-1.54.0-win32-x64\jre\21.0.10-win32-x86_64\bin\nio.dll
0x00007ffb42bb0000 - 0x00007ffb42bc0000 	c:\Users\saefw\.vscode\extensions\redhat.java-1.54.0-win32-x64\jre\21.0.10-win32-x86_64\bin\verify.dll
0x00007ffb3c050000 - 0x00007ffb3c095000 	C:\Users\saefw\AppData\Roaming\Code\User\globalStorage\redhat.java\1.54.0\config_win\org.eclipse.equinox.launcher\org.eclipse.equinox.launcher.win32.win32.x86_64_1.3.0.v20260203-2149\eclipse_11919.dll
0x00007ffb58440000 - 0x00007ffb585d5000 	C:\WINDOWS\System32\ole32.dll

JVMTI agents:
c:\Users\saefw\.vscode\extensions\redhat.java-1.54.0-win32-x64\lombok\lombok-1.18.39-4050.jar path:c:\Users\saefw\.vscode\extensions\redhat.java-1.54.0-win32-x64\jre\21.0.10-win32-x86_64\bin\instrument.dll, loaded, initialized, instrumentlib options:none

dbghelp: loaded successfully - version: 4.0.5 - missing functions: none
symbol engine: initialized successfully - sym options: 0x614 - pdb path: .;c:\Users\saefw\.vscode\extensions\redhat.java-1.54.0-win32-x64\jre\21.0.10-win32-x86_64\bin;C:\WINDOWS\SYSTEM32;C:\WINDOWS\WinSxS\amd64_microsoft.windows.common-controls_6595b64144ccf1df_6.0.26100.8037_none_3e092faae333b53b;c:\Users\saefw\.vscode\extensions\redhat.java-1.54.0-win32-x64\jre\21.0.10-win32-x86_64\bin\server;C:\Users\saefw\AppData\Roaming\Code\User\globalStorage\redhat.java\1.54.0\config_win\org.eclipse.equinox.launcher\org.eclipse.equinox.launcher.win32.win32.x86_64_1.3.0.v20260203-2149

VM Arguments:
jvm_args: --add-modules=ALL-SYSTEM --add-opens=java.base/java.util=ALL-UNNAMED --add-opens=java.base/java.lang=ALL-UNNAMED --add-opens=java.base/sun.nio.fs=ALL-UNNAMED -Declipse.application=org.eclipse.jdt.ls.core.id1 -Dosgi.bundles.defaultStartLevel=4 -Declipse.product=org.eclipse.jdt.ls.core.product -Djava.import.generatesMetadataFilesAtProjectRoot=false -DDetectVMInstallationsJob.disabled=true -Dfile.encoding=utf8 -XX:+UseParallelGC -XX:GCTimeRatio=4 -XX:AdaptiveSizePolicyWeight=90 -Dsun.zip.disableMemoryMapping=true -Xmx2G -Xms100m -Xlog:disable -javaagent:c:\Users\saefw\.vscode\extensions\redhat.java-1.54.0-win32-x64\lombok\lombok-1.18.39-4050.jar -XX:+HeapDumpOnOutOfMemoryError -XX:HeapDumpPath=c:\Users\saefw\AppData\Roaming\Code\User\workspaceStorage\63561169972180e5401700da4cb6a6d7\redhat.java -Daether.dependencyCollector.impl=bf 
java_command: c:\Users\saefw\.vscode\extensions\redhat.java-1.54.0-win32-x64\server\plugins\org.eclipse.equinox.launcher_1.7.100.v20251111-0406.jar -configuration c:\Users\saefw\AppData\Roaming\Code\User\globalStorage\redhat.java\1.54.0\config_win -data c:\Users\saefw\AppData\Roaming\Code\User\workspaceStorage\63561169972180e5401700da4cb6a6d7\redhat.java\jdt_ws --pipe=\\.\pipe\lsp-8788d729e4710c75945cc4fd94da5c51-sock
java_class_path (initial): c:\Users\saefw\.vscode\extensions\redhat.java-1.54.0-win32-x64\server\plugins\org.eclipse.equinox.launcher_1.7.100.v20251111-0406.jar
Launcher Type: SUN_STANDARD

[Global flags]
    uintx AdaptiveSizePolicyWeight                 = 90                                        {product} {command line}
     intx CICompilerCount                          = 4                                         {product} {ergonomic}
    uintx GCTimeRatio                              = 4                                         {product} {command line}
     bool HeapDumpOnOutOfMemoryError               = true                                   {manageable} {command line}
    ccstr HeapDumpPath                             = c:\Users\saefw\AppData\Roaming\Code\User\workspaceStorage\63561169972180e5401700da4cb6a6d7\redhat.java         {manageable} {command line}
   size_t InitialHeapSize                          = 104857600                                 {product} {command line}
   size_t MaxHeapSize                              = 2147483648                                {product} {command line}
   size_t MaxNewSize                               = 715653120                                 {product} {ergonomic}
   size_t MinHeapDeltaBytes                        = 524288                                    {product} {ergonomic}
   size_t MinHeapSize                              = 104857600                                 {product} {command line}
   size_t NewSize                                  = 34603008                                  {product} {ergonomic}
    uintx NonNMethodCodeHeapSize                   = 5839372                                {pd product} {ergonomic}
    uintx NonProfiledCodeHeapSize                  = 122909434                              {pd product} {ergonomic}
   size_t OldSize                                  = 70254592                                  {product} {ergonomic}
    uintx ProfiledCodeHeapSize                     = 122909434                              {pd product} {ergonomic}
    uintx ReservedCodeCacheSize                    = 251658240                              {pd product} {ergonomic}
     bool SegmentedCodeCache                       = true                                      {product} {ergonomic}
   size_t SoftMaxHeapSize                          = 2147483648                             {manageable} {ergonomic}
     bool UseCompressedOops                        = true                           {product lp64_product} {ergonomic}
     bool UseLargePagesIndividualAllocation        = false                                  {pd product} {ergonomic}
     bool UseParallelGC                            = true                                      {product} {command line}

Logging:
Log output configuration:
 #0: stdout all=off uptime,level,tags foldmultilines=false
 #1: stderr all=off uptime,level,tags foldmultilines=false

Release file:
JAVA_VERSION="21.0.10" 
MODULES="java.base java.compiler java.datatransfer java.xml java.prefs java.desktop java.instrument java.logging java.management java.security.sasl java.naming java.rmi java.management.rmi java.net.http java.scripting java.security.jgss java.transaction.xa java.sql java.sql.rowset java.xml.crypto java.se java.smartcardio jdk.accessibility jdk.internal.jvmstat jdk.attach jdk.charsets jdk.internal.opt jdk.zipfs jdk.compiler jdk.crypto.ec jdk.crypto.cryptoki jdk.crypto.mscapi jdk.dynalink jdk.internal.ed jdk.editpad jdk.hotspot.agent jdk.httpserver jdk.internal.le jdk.internal.vm.ci jdk.internal.vm.compiler jdk.internal.vm.compiler.management jdk.jartool jdk.javadoc jdk.jcmd jdk.management jdk.management.agent jdk.jconsole jdk.jdeps jdk.jdwp.agent jdk.jdi jdk.jfr jdk.jshell jdk.jsobject jdk.jstatd jdk.localedata jdk.management.jfr jdk.naming.dns jdk.naming.rmi jdk.net jdk.nio.mapmode jdk.random jdk.sctp jdk.security.auth jdk.security.jgss jdk.unsupported jdk.unsupported.desktop jdk.xml.dom" 

Environment Variables:
JAVA_HOME=E:\java compiler
PATH=C:\Users\saefw\AppData\Local\Programs\Microsoft VS Code;C:\Program Files\Common Files\Oracle\Java\javapath;C:\Program Files (x86)\Common Files\Oracle\Java\java8path;C:\Program Files (x86)\Common Files\Oracle\Java\javapath;C:\Program Files (x86)\Razer Chroma SDK\bin;C:\Program Files\Razer Chroma SDK\bin;C:\Program Files (x86)\Common Files\Intel\Shared Libraries\redist\intel64\compiler;C:\WINDOWS\system32;C:\WINDOWS;C:\WINDOWS\System32\Wbem;C:\WINDOWS\System32\WindowsPowerShell\v1.0\;C:\WINDOWS\System32\OpenSSH\;C:\Program Files (x86)\NVIDIA Corporation\PhysX\Common;C:\mingw64\bin;C:\Program Files\NVIDIA Corporation\NVIDIA app\NvDLISR;C:\WINDOWS\system32\config\systemprofile\AppData\Local\Microsoft\WindowsApps;C:\Program Files (x86)\Razer\ChromaBroadcast\bin;C:\Program Files\Razer\ChromaBroadcast\bin;C:\Users\saefw\AppData\Local\Programs\Python\Launcher\;C:\Users\saefw\AppData\Local\Microsoft\WindowsApps;C:\Users\saefw\AppData\Local\Programs\Microsoft VS Code\bin;C:\Program Files\dotnet\;E:\Git\cmd;C:\Program Files (x86)\Microsoft SQL Server\160\Tools\Binn\;C:\Program Files\Microsoft SQL Server\160\Tools\Binn\;C:\Program Files\Microsoft SQL Server\Client SDK\ODBC\170\Tools\Binn\;C:\Program Files\Microsoft SQL Server\160\DTS\Binn\;C:\Users\saefw\AppData\Local\Programs\Python\Launcher\;C:\Users\saefw\AppData\Local\Microsoft\WindowsApps;C:\Users\saefw\AppData\Local\Programs\Microsoft VS Code\bin;E:\java compiler\bin;
USERNAME=saefw
OS=Windows_NT
PROCESSOR_IDENTIFIER=AMD64 Family 23 Model 96 Stepping 1, AuthenticAMD
TMP=C:\Users\saefw\AppData\Local\Temp
TEMP=C:\Users\saefw\AppData\Local\Temp




Periodic native trim disabled

---------------  S Y S T E M  ---------------

OS:
 Windows 11 , 64 bit Build 26100 (10.0.26100.7920)
OS uptime: 0 days 1:00 hours

CPU: total 12 (initial active 12) (12 cores per cpu, 2 threads per core) family 23 model 96 stepping 1 microcode 0x860010c, cx8, cmov, fxsr, ht, mmx, 3dnowpref, sse, sse2, sse3, ssse3, sse4a, sse4.1, sse4.2, popcnt, lzcnt, tsc, tscinvbit, avx, avx2, aes, clmul, bmi1, bmi2, adx, sha, fma, vzeroupper, clflush, clflushopt, rdtscp, rdpid, f16c
Processor Information for the first 12 processors :
  Max Mhz: 4000, Current Mhz: 4000, Mhz Limit: 4000

Memory: 4k page, system-wide physical 16174M (3216M free)
TotalPageFile size 26780M (AvailPageFile size 5M)
current process WorkingSet (physical memory assigned to process): 106M, peak: 106M
current process commit charge ("private bytes"): 256M, peak: 256M

vm_info: OpenJDK 64-Bit Server VM (21.0.10+7-LTS) for windows-amd64 JRE (21.0.10+7-LTS), built on 2026-01-20T00:00:00Z by "admin" with MS VC++ 17.12 (VS2022)

END.
